INFO:root:SPEC LOOP: payload -> tx (txhash) -> display -> csv (Ctrl+C to stop)
INFO:root:GPIOZERO_PIN_FACTORY=lgpio
INFO:root:SEND_FULL_PAYLOAD=1 INCLUDE_TXHASH_IN_QR=1
INFO:root:NODE_SEND_TIMEOUT_SEC=60.0
INFO:root:NET_EMULATION=1 profile=baseline source=name:baseline rtt_ms=61.359 jitter_ms=22.215 up_kbps=512.0 down_kbps=2048.0 loss=0.0000 timeout=0.0000 outage_prob=0.0010 seed=42
INFO:root:[1] ok=True txhash_ms=10970.996 display_ms=4741.001 total_ms=15711.997 txhash=058A992758 error_type=- net_stage=- pre_ms=44.259 post_ms=33.566
INFO:root:[2] ok=True txhash_ms=10838.050 display_ms=4750.964 total_ms=15589.014 txhash=5BA416177E error_type=- net_stage=- pre_ms=39.152 post_ms=29.202
INFO:root:[3] ok=True txhash_ms=11052.855 display_ms=4733.016 total_ms=15785.871 txhash=27E676FDE2 error_type=- net_stage=- pre_ms=32.886 post_ms=32.081
INFO:root:[4] ok=True txhash_ms=10968.097 display_ms=4692.362 total_ms=15660.459 txhash=4692E3C9EC error_type=- net_stage=- pre_ms=38.197 post_ms=46.735
INFO:root:[5] ok=True txhash_ms=11247.673 display_ms=4728.246 total_ms=15975.919 txhash=BCB24B8B7B error_type=- net_stage=- pre_ms=32.218 post_ms=22.574
INFO:root:[6] ok=True txhash_ms=11027.049 display_ms=4686.490 total_ms=15713.539 txhash=3D8DA715DE error_type=- net_stage=- pre_ms=39.644 post_ms=34.929
INFO:root:[7] ok=True txhash_ms=11073.839 display_ms=4749.344 total_ms=15823.183 txhash=9BD3634BEA error_type=- net_stage=- pre_ms=33.712 post_ms=18.514
INFO:root:[8] ok=True txhash_ms=10808.799 display_ms=4702.966 total_ms=15511.765 txhash=736762A80D error_type=- net_stage=- pre_ms=42.839 post_ms=18.631
INFO:root:[9] ok=True txhash_ms=10761.197 display_ms=4741.966 total_ms=15503.163 txhash=07B96D15FA error_type=- net_stage=- pre_ms=43.121 post_ms=34.44
INFO:root:[10] ok=True txhash_ms=10975.291 display_ms=4694.322 total_ms=15669.613 txhash=9D0102A654 error_type=- net_stage=- pre_ms=42.68 post_ms=37.487
INFO:root:[11] ok=True txhash_ms=10876.997 display_ms=4743.936 total_ms=15620.933 txhash=1EE308BB73 error_type=- net_stage=- pre_ms=37.664 post_ms=40.644
INFO:root:[12] ok=True txhash_ms=10944.054 display_ms=4691.433 total_ms=15635.487 txhash=7C21A588BD error_type=- net_stage=- pre_ms=43.997 post_ms=47.965
INFO:root:[13] ok=True txhash_ms=11424.298 display_ms=4748.978 total_ms=16173.276 txhash=5EBC863DFF error_type=- net_stage=- pre_ms=26.427 post_ms=21.251
INFO:root:[14] ok=True txhash_ms=11218.251 display_ms=4687.881 total_ms=15906.132 txhash=50B6525A26 error_type=- net_stage=- pre_ms=35.833 post_ms=34.977
INFO:root:[15] ok=True txhash_ms=11214.309 display_ms=4688.750 total_ms=15903.059 txhash=AE9ED20E25 error_type=- net_stage=- pre_ms=56.727 post_ms=24.198
INFO:root:[16] ok=True txhash_ms=11051.169 display_ms=4744.975 total_ms=15796.144 txhash=8DDF79EAEC error_type=- net_stage=- pre_ms=46.038 post_ms=25.876
INFO:root:[17] ok=True txhash_ms=11363.374 display_ms=4685.903 total_ms=16049.277 txhash=675C450119 error_type=- net_stage=- pre_ms=34.283 post_ms=46.848
INFO:root:[18] ok=True txhash_ms=10920.540 display_ms=4712.779 total_ms=15633.319 txhash=4B8F65C8DF error_type=- net_stage=- pre_ms=48.717 post_ms=31.967
INFO:root:[19] ok=True txhash_ms=10967.964 display_ms=4701.303 total_ms=15669.267 txhash=E57963EBCF error_type=- net_stage=- pre_ms=21.756 post_ms=18.039
INFO:root:[20] ok=True txhash_ms=10481.264 display_ms=4690.958 total_ms=15172.222 txhash=E171796489 error_type=- net_stage=- pre_ms=49.089 post_ms=31.84
INFO:root:[21] ok=True txhash_ms=10869.939 display_ms=4689.363 total_ms=15559.302 txhash=44E7760179 error_type=- net_stage=- pre_ms=32.386 post_ms=15.648
INFO:root:[22] ok=True txhash_ms=10545.265 display_ms=4689.425 total_ms=15234.690 txhash=FB24CD35D2 error_type=- net_stage=- pre_ms=44.529 post_ms=39.823
INFO:root:[23] ok=True txhash_ms=10666.865 display_ms=4747.805 total_ms=15414.671 txhash=C6D761A3BB error_type=- net_stage=- pre_ms=34.361 post_ms=45.207
INFO:root:[24] ok=True txhash_ms=11175.316 display_ms=4690.252 total_ms=15865.569 txhash=06210731BB error_type=- net_stage=- pre_ms=30.709 post_ms=47.298
INFO:root:[25] ok=True txhash_ms=11192.312 display_ms=4702.588 total_ms=15894.900 txhash=BD5D05A588 error_type=- net_stage=- pre_ms=16.759 post_ms=27.448
INFO:root:[26] ok=True txhash_ms=11147.859 display_ms=4729.976 total_ms=15877.835 txhash=AC5CAEC095 error_type=- net_stage=- pre_ms=60.824 post_ms=35.291
INFO:root:[27] ok=True txhash_ms=10891.707 display_ms=4700.860 total_ms=15592.568 txhash=3570582924 error_type=- net_stage=- pre_ms=56.753 post_ms=40.282
INFO:root:[28] ok=True txhash_ms=10965.330 display_ms=4739.960 total_ms=15705.290 txhash=68BD34B48E error_type=- net_stage=- pre_ms=52.495 post_ms=40.081
INFO:root:[29] ok=True txhash_ms=10917.189 display_ms=4702.219 total_ms=15619.407 txhash=31FD1405C6 error_type=- net_stage=- pre_ms=27.167 post_ms=29.488
INFO:root:[30] ok=True txhash_ms=10851.596 display_ms=4741.663 total_ms=15593.259 txhash=A0EF03D703 error_type=- net_stage=- pre_ms=18.033 post_ms=27.779
INFO:root:[31] ok=True txhash_ms=11197.180 display_ms=4693.688 total_ms=15890.868 txhash=38C9CC389D error_type=- net_stage=- pre_ms=28.443 post_ms=22.528
INFO:root:[32] ok=True txhash_ms=10731.144 display_ms=4726.854 total_ms=15457.998 txhash=C2E6E6AE0C error_type=- net_stage=- pre_ms=27.682 post_ms=44.761
INFO:root:[33] ok=True txhash_ms=10801.758 display_ms=4752.047 total_ms=15553.805 txhash=2F57A35EBA error_type=- net_stage=- pre_ms=30.018 post_ms=26.295
INFO:root:[34] ok=True txhash_ms=10596.870 display_ms=4690.084 total_ms=15286.954 txhash=E15ED71BA1 error_type=- net_stage=- pre_ms=36.704 post_ms=48.638
INFO:root:[35] ok=True txhash_ms=10510.447 display_ms=4694.027 total_ms=15204.475 txhash=2DA74C8172 error_type=- net_stage=- pre_ms=24.126 post_ms=26.747
INFO:root:[36] ok=True txhash_ms=10864.643 display_ms=4716.629 total_ms=15581.272 txhash=F3C0798094 error_type=- net_stage=- pre_ms=45.136 post_ms=38.92
INFO:root:[37] ok=True txhash_ms=10725.624 display_ms=4692.867 total_ms=15418.492 txhash=BA5A0822DD error_type=- net_stage=- pre_ms=20.649 post_ms=3.825
INFO:root:[38] ok=True txhash_ms=10801.740 display_ms=4693.171 total_ms=15494.912 txhash=C8971ED29D error_type=- net_stage=- pre_ms=40.882 post_ms=25.757
INFO:root:[39] ok=True txhash_ms=11092.721 display_ms=4693.983 total_ms=15786.704 txhash=7D400F31CE error_type=- net_stage=- pre_ms=33.958 post_ms=40.458
INFO:root:[40] ok=True txhash_ms=10618.330 display_ms=4692.438 total_ms=15310.769 txhash=C903641E50 error_type=- net_stage=- pre_ms=32.059 post_ms=31.059
INFO:root:[41] ok=True txhash_ms=10848.857 display_ms=4689.254 total_ms=15538.112 txhash=C947EBA28F error_type=- net_stage=- pre_ms=54.778 post_ms=22.537
INFO:root:[42] ok=True txhash_ms=10888.805 display_ms=4750.400 total_ms=15639.206 txhash=3AF570A908 error_type=- net_stage=- pre_ms=32.322 post_ms=34.421
INFO:root:[43] ok=True txhash_ms=10650.355 display_ms=4690.056 total_ms=15340.411 txhash=DFF46F2E7E error_type=- net_stage=- pre_ms=38.061 post_ms=20.213
INFO:root:[44] ok=True txhash_ms=11267.302 display_ms=4691.801 total_ms=15959.103 txhash=76E2DEA368 error_type=- net_stage=- pre_ms=18.852 post_ms=26.101
INFO:root:[45] ok=True txhash_ms=10540.608 display_ms=4691.604 total_ms=15232.211 txhash=9A5C5260BE error_type=- net_stage=- pre_ms=23.259 post_ms=25.545
INFO:root:[46] ok=True txhash_ms=11228.904 display_ms=4747.431 total_ms=15976.335 txhash=09453CA8C6 error_type=- net_stage=- pre_ms=13.724 post_ms=31.782
INFO:root:[47] ok=True txhash_ms=10775.599 display_ms=4688.895 total_ms=15464.494 txhash=5AE3C8D40B error_type=- net_stage=- pre_ms=41.321 post_ms=45.909
INFO:root:[48] ok=True txhash_ms=11296.288 display_ms=4690.232 total_ms=15986.520 txhash=8A8F60AA86 error_type=- net_stage=- pre_ms=41.905 post_ms=26.86
INFO:root:[49] ok=True txhash_ms=10626.357 display_ms=4688.443 total_ms=15314.799 txhash=BEB15939B2 error_type=- net_stage=- pre_ms=23.774 post_ms=25.391
INFO:root:[50] ok=True txhash_ms=10973.058 display_ms=4739.479 total_ms=15712.537 txhash=FABCBA54FA error_type=- net_stage=- pre_ms=36.253 post_ms=43.293
INFO:root:[51] ok=True txhash_ms=11158.689 display_ms=4747.479 total_ms=15906.169 txhash=2B84D0BF8F error_type=- net_stage=- pre_ms=35.511 post_ms=27.861
INFO:root:[52] ok=True txhash_ms=10951.989 display_ms=4736.149 total_ms=15688.138 txhash=29343B227F error_type=- net_stage=- pre_ms=42.351 post_ms=35.588
INFO:root:[53] ok=True txhash_ms=11160.232 display_ms=4689.206 total_ms=15849.439 txhash=1363B08F15 error_type=- net_stage=- pre_ms=43.204 post_ms=24.833
INFO:root:[54] ok=True txhash_ms=10814.640 display_ms=4749.925 total_ms=15564.565 txhash=6085A53C76 error_type=- net_stage=- pre_ms=10.407 post_ms=10.997
INFO:root:[55] ok=True txhash_ms=10678.467 display_ms=4687.849 total_ms=15366.316 txhash=0853871AA9 error_type=- net_stage=- pre_ms=30.456 post_ms=47.78
INFO:root:[56] ok=True txhash_ms=10736.338 display_ms=4740.942 total_ms=15477.281 txhash=6849F54519 error_type=- net_stage=- pre_ms=46.49 post_ms=40.955
INFO:root:[57] ok=True txhash_ms=11174.868 display_ms=4688.150 total_ms=15863.019 txhash=A6A9194C6F error_type=- net_stage=- pre_ms=39.989 post_ms=47.26
INFO:root:[58] ok=True txhash_ms=10899.681 display_ms=4690.059 total_ms=15589.740 txhash=FA630CB819 error_type=- net_stage=- pre_ms=38.236 post_ms=28.148
INFO:root:[59] ok=True txhash_ms=11119.378 display_ms=4692.945 total_ms=15812.323 txhash=344492ECCD error_type=- net_stage=- pre_ms=37.553 post_ms=16.495
INFO:root:[60] ok=True txhash_ms=10794.695 display_ms=4692.544 total_ms=15487.239 txhash=E29D9B1D78 error_type=- net_stage=- pre_ms=34.069 post_ms=32.851
INFO:root:[61] ok=True txhash_ms=10920.552 display_ms=4690.258 total_ms=15610.810 txhash=339AD06208 error_type=- net_stage=- pre_ms=15.248 post_ms=26.218
INFO:root:[62] ok=True txhash_ms=10726.720 display_ms=4690.507 total_ms=15417.228 txhash=CFFEB452DF error_type=- net_stage=- pre_ms=26.948 post_ms=54.376
INFO:root:[63] ok=True txhash_ms=11254.224 display_ms=4696.768 total_ms=15950.992 txhash=F29FC19DA1 error_type=- net_stage=- pre_ms=37.55 post_ms=40.324
INFO:root:[64] ok=True txhash_ms=10522.358 display_ms=4691.815 total_ms=15214.173 txhash=D14F4AD319 error_type=- net_stage=- pre_ms=22.595 post_ms=40.754
INFO:root:[65] ok=True txhash_ms=11065.936 display_ms=4729.991 total_ms=15795.927 txhash=610E78F081 error_type=- net_stage=- pre_ms=55.503 post_ms=29.153
INFO:root:[66] ok=True txhash_ms=11046.834 display_ms=4729.805 total_ms=15776.639 txhash=0F2EE350C7 error_type=- net_stage=- pre_ms=22.785 post_ms=54.497
INFO:root:[67] ok=True txhash_ms=11289.229 display_ms=4742.399 total_ms=16031.628 txhash=18B8A81454 error_type=- net_stage=- pre_ms=33.401 post_ms=51.608
INFO:root:[68] ok=True txhash_ms=11340.522 display_ms=4692.009 total_ms=16032.531 txhash=31FCFD742D error_type=- net_stage=- pre_ms=38.986 post_ms=52.323
INFO:root:[69] ok=True txhash_ms=10596.576 display_ms=4715.245 total_ms=15311.821 txhash=EF7AD43136 error_type=- net_stage=- pre_ms=35.802 post_ms=34.579
INFO:root:[70] ok=True txhash_ms=10608.197 display_ms=4694.127 total_ms=15302.324 txhash=0B6A6E39D0 error_type=- net_stage=- pre_ms=44.254 post_ms=30.316
INFO:root:[71] ok=True txhash_ms=10770.796 display_ms=4751.713 total_ms=15522.509 txhash=CC609E4606 error_type=- net_stage=- pre_ms=9.85 post_ms=26.241
INFO:root:[72] ok=True txhash_ms=10919.219 display_ms=4750.175 total_ms=15669.394 txhash=4C8FC61C3E error_type=- net_stage=- pre_ms=43.945 post_ms=30.137
INFO:root:[73] ok=True txhash_ms=11464.891 display_ms=4690.851 total_ms=16155.742 txhash=BE17638364 error_type=- net_stage=- pre_ms=29.554 post_ms=46.138
INFO:root:[74] ok=True txhash_ms=11078.157 display_ms=4689.608 total_ms=15767.765 txhash=EEF4F614A5 error_type=- net_stage=- pre_ms=34.943 post_ms=49.612
INFO:root:[75] ok=True txhash_ms=10693.673 display_ms=4731.802 total_ms=15425.475 txhash=6EC6041D86 error_type=- net_stage=- pre_ms=31.971 post_ms=14.225
INFO:root:[76] ok=True txhash_ms=10823.207 display_ms=4690.681 total_ms=15513.888 txhash=EB18724EC5 error_type=- net_stage=- pre_ms=30.358 post_ms=23.636
INFO:root:[77] ok=True txhash_ms=10667.771 display_ms=4710.546 total_ms=15378.317 txhash=8B0A11E2E4 error_type=- net_stage=- pre_ms=32.49 post_ms=41.253
INFO:root:[78] ok=True txhash_ms=10808.978 display_ms=4745.936 total_ms=15554.913 txhash=CD5B45F893 error_type=- net_stage=- pre_ms=43.546 post_ms=40.493
INFO:root:[79] ok=True txhash_ms=10657.710 display_ms=4688.043 total_ms=15345.753 txhash=18EEBC3C69 error_type=- net_stage=- pre_ms=28.43 post_ms=25.933
INFO:root:[80] ok=True txhash_ms=11064.399 display_ms=4697.192 total_ms=15761.591 txhash=F9F3AB7735 error_type=- net_stage=- pre_ms=22.227 post_ms=38.41
INFO:root:[81] ok=True txhash_ms=11803.917 display_ms=4691.026 total_ms=16494.943 txhash=8A1D89687F error_type=- net_stage=- pre_ms=38.304 post_ms=44.422
INFO:root:[82] ok=True txhash_ms=10586.065 display_ms=4732.625 total_ms=15318.690 txhash=0EFDAC1490 error_type=- net_stage=- pre_ms=46.978 post_ms=38.963
INFO:root:[83] ok=True txhash_ms=10847.275 display_ms=4721.355 total_ms=15568.630 txhash=89B93CF32C error_type=- net_stage=- pre_ms=35.579 post_ms=15.569
INFO:root:[84] ok=True txhash_ms=10850.602 display_ms=4688.271 total_ms=15538.873 txhash=2D7C0A2F47 error_type=- net_stage=- pre_ms=35.869 post_ms=44.777
INFO:root:[85] ok=True txhash_ms=11032.174 display_ms=4690.278 total_ms=15722.451 txhash=4570CAD5E9 error_type=- net_stage=- pre_ms=30.453 post_ms=26.855
INFO:root:[86] ok=True txhash_ms=10677.044 display_ms=4689.232 total_ms=15366.276 txhash=70E097C4A6 error_type=- net_stage=- pre_ms=34.809 post_ms=31.199
INFO:root:[87] ok=True txhash_ms=10381.095 display_ms=4738.902 total_ms=15119.997 txhash=416EC77A29 error_type=- net_stage=- pre_ms=29.302 post_ms=35.303
INFO:root:[88] ok=True txhash_ms=11102.002 display_ms=4747.418 total_ms=15849.420 txhash=4FB8C5262E error_type=- net_stage=- pre_ms=35.569 post_ms=53.745
INFO:root:[89] ok=True txhash_ms=11238.631 display_ms=4689.440 total_ms=15928.071 txhash=58E5913E33 error_type=- net_stage=- pre_ms=50.361 post_ms=31.036
INFO:root:[90] ok=True txhash_ms=11046.300 display_ms=4693.569 total_ms=15739.869 txhash=607AE6DDF9 error_type=- net_stage=- pre_ms=32.934 post_ms=19.248
INFO:root:[91] ok=True txhash_ms=10861.169 display_ms=4744.640 total_ms=15605.808 txhash=A3DECC4EC0 error_type=- net_stage=- pre_ms=34.958 post_ms=19.578
INFO:root:[92] ok=True txhash_ms=11084.329 display_ms=4703.985 total_ms=15788.314 txhash=3DEF2FB8EA error_type=- net_stage=- pre_ms=36.798 post_ms=18.756
INFO:root:[93] ok=True txhash_ms=11083.193 display_ms=4747.566 total_ms=15830.759 txhash=FCDC4289F1 error_type=- net_stage=- pre_ms=33.492 post_ms=40.795
INFO:root:[94] ok=True txhash_ms=10535.089 display_ms=4727.187 total_ms=15262.276 txhash=CB8B476C00 error_type=- net_stage=- pre_ms=37.469 post_ms=49.146
INFO:root:[95] ok=True txhash_ms=10743.537 display_ms=4729.451 total_ms=15472.988 txhash=FEDCC15698 error_type=- net_stage=- pre_ms=24.355 post_ms=29.125
INFO:root:[96] ok=True txhash_ms=10878.746 display_ms=4693.311 total_ms=15572.057 txhash=750B77E34A error_type=- net_stage=- pre_ms=20.666 post_ms=23.537
INFO:root:[97] ok=True txhash_ms=10726.132 display_ms=4738.104 total_ms=15464.236 txhash=5E90529676 error_type=- net_stage=- pre_ms=45.796 post_ms=32.555
INFO:root:[98] ok=True txhash_ms=10936.730 display_ms=4695.614 total_ms=15632.344 txhash=291DB944F6 error_type=- net_stage=- pre_ms=19.366 post_ms=41.149
INFO:root:[99] ok=True txhash_ms=10770.516 display_ms=4697.033 total_ms=15467.550 txhash=18714BE21E error_type=- net_stage=- pre_ms=37.73 post_ms=43.838
INFO:root:[100] ok=True txhash_ms=11122.652 display_ms=4751.841 total_ms=15874.493 txhash=D419BF87C9 error_type=- net_stage=- pre_ms=29.959 post_ms=35.945
