INFO:root:SPEC LOOP: payload -> tx (txhash) -> display -> csv (Ctrl+C to stop)
INFO:root:GPIOZERO_PIN_FACTORY=lgpio
INFO:root:SEND_FULL_PAYLOAD=1 INCLUDE_TXHASH_IN_QR=1
INFO:root:NODE_SEND_TIMEOUT_SEC=60.0
INFO:root:NET_EMULATION=1 profile=baseline source=name:baseline rtt_ms=61.359 jitter_ms=22.215 up_kbps=512.0 down_kbps=2048.0 loss=0.0000 timeout=0.0000 outage_prob=0.0010 seed=42
INFO:root:[1] ok=True txhash_ms=11103.815 display_ms=4703.796 total_ms=15807.611 txhash=C5D5FF08E5 error_type=- net_stage=- pre_ms=44.259 post_ms=33.566
INFO:root:[2] ok=True txhash_ms=10920.860 display_ms=4714.151 total_ms=15635.010 txhash=4159EFED78 error_type=- net_stage=- pre_ms=39.152 post_ms=29.202
INFO:root:[3] ok=True txhash_ms=10988.871 display_ms=4695.622 total_ms=15684.493 txhash=A8E1B7B128 error_type=- net_stage=- pre_ms=32.886 post_ms=32.085
INFO:root:[4] ok=True txhash_ms=11248.320 display_ms=4718.674 total_ms=15966.994 txhash=751972780D error_type=- net_stage=- pre_ms=38.197 post_ms=46.735
INFO:root:[5] ok=True txhash_ms=10734.552 display_ms=4703.567 total_ms=15438.119 txhash=F45C4AF47C error_type=- net_stage=- pre_ms=32.218 post_ms=22.574
INFO:root:[6] ok=True txhash_ms=11037.597 display_ms=4683.224 total_ms=15720.821 txhash=78DE2ABC3B error_type=- net_stage=- pre_ms=39.644 post_ms=34.929
INFO:root:[7] ok=True txhash_ms=10680.861 display_ms=4743.863 total_ms=15424.724 txhash=A50BD64689 error_type=- net_stage=- pre_ms=33.712 post_ms=18.514
INFO:root:[8] ok=True txhash_ms=10511.088 display_ms=4691.870 total_ms=15202.958 txhash=6B87A61D99 error_type=- net_stage=- pre_ms=42.839 post_ms=18.631
INFO:root:[9] ok=True txhash_ms=10946.760 display_ms=4690.232 total_ms=15636.992 txhash=B3DC72680B error_type=- net_stage=- pre_ms=43.121 post_ms=34.436
INFO:root:[10] ok=True txhash_ms=11439.479 display_ms=4690.616 total_ms=16130.095 txhash=7EA3E58555 error_type=- net_stage=- pre_ms=42.68 post_ms=37.487
INFO:root:[11] ok=True txhash_ms=10797.747 display_ms=4696.388 total_ms=15494.135 txhash=6C3569BCD1 error_type=- net_stage=- pre_ms=37.664 post_ms=40.644
INFO:root:[12] ok=True txhash_ms=10943.762 display_ms=4687.066 total_ms=15630.828 txhash=14330D1FF7 error_type=- net_stage=- pre_ms=43.997 post_ms=47.965
INFO:root:[13] ok=True txhash_ms=10974.381 display_ms=4698.749 total_ms=15673.130 txhash=069EF17397 error_type=- net_stage=- pre_ms=26.427 post_ms=21.251
INFO:root:[14] ok=True txhash_ms=10873.105 display_ms=4731.627 total_ms=15604.732 txhash=C5C57EB0AC error_type=- net_stage=- pre_ms=35.833 post_ms=34.985
INFO:root:[15] ok=True txhash_ms=10993.435 display_ms=4691.524 total_ms=15684.959 txhash=5E37C179DA error_type=- net_stage=- pre_ms=56.727 post_ms=24.198
INFO:root:[16] ok=True txhash_ms=11049.370 display_ms=4749.564 total_ms=15798.934 txhash=06289B382C error_type=- net_stage=- pre_ms=46.038 post_ms=25.872
INFO:root:[17] ok=True txhash_ms=10868.130 display_ms=4690.843 total_ms=15558.973 txhash=0DECDDE631 error_type=- net_stage=- pre_ms=34.283 post_ms=46.844
INFO:root:[18] ok=True txhash_ms=10925.125 display_ms=4726.592 total_ms=15651.717 txhash=39C7DA05F9 error_type=- net_stage=- pre_ms=48.717 post_ms=31.967
INFO:root:[19] ok=True txhash_ms=11128.279 display_ms=4688.936 total_ms=15817.214 txhash=F6028153AA error_type=- net_stage=- pre_ms=21.756 post_ms=18.039
INFO:root:[20] ok=True txhash_ms=11029.276 display_ms=4721.763 total_ms=15751.039 txhash=C5A4D14A92 error_type=- net_stage=- pre_ms=49.089 post_ms=31.84
INFO:root:[21] ok=True txhash_ms=10812.283 display_ms=4687.063 total_ms=15499.347 txhash=3E2A9F3D08 error_type=- net_stage=- pre_ms=32.386 post_ms=15.648
INFO:root:[22] ok=True txhash_ms=11250.989 display_ms=4746.331 total_ms=15997.320 txhash=77E89908A4 error_type=- net_stage=- pre_ms=44.529 post_ms=39.823
INFO:root:[23] ok=True txhash_ms=10282.958 display_ms=4729.110 total_ms=15012.068 txhash=B7ABD7BD41 error_type=- net_stage=- pre_ms=34.361 post_ms=45.211
INFO:root:[24] ok=True txhash_ms=10781.272 display_ms=4687.376 total_ms=15468.648 txhash=4805601B1A error_type=- net_stage=- pre_ms=30.709 post_ms=47.298
INFO:root:[25] ok=True txhash_ms=11127.532 display_ms=4688.841 total_ms=15816.373 txhash=22EBAE7D67 error_type=- net_stage=- pre_ms=16.759 post_ms=27.448
INFO:root:[26] ok=True txhash_ms=10882.814 display_ms=4746.411 total_ms=15629.226 txhash=ED47FEB9A8 error_type=- net_stage=- pre_ms=60.824 post_ms=35.291
INFO:root:[27] ok=True txhash_ms=10931.632 display_ms=4690.660 total_ms=15622.292 txhash=F49EA60E44 error_type=- net_stage=- pre_ms=56.753 post_ms=40.282
INFO:root:[28] ok=True txhash_ms=10831.922 display_ms=4744.647 total_ms=15576.568 txhash=FD5EC339F6 error_type=- net_stage=- pre_ms=52.495 post_ms=40.085
INFO:root:[29] ok=True txhash_ms=11051.036 display_ms=4688.329 total_ms=15739.365 txhash=9C5B3E9DC6 error_type=- net_stage=- pre_ms=27.167 post_ms=29.488
INFO:root:[30] ok=True txhash_ms=10602.348 display_ms=4691.281 total_ms=15293.629 txhash=C381FB1C81 error_type=- net_stage=- pre_ms=18.033 post_ms=27.779
INFO:root:[31] ok=True txhash_ms=10733.639 display_ms=4746.968 total_ms=15480.607 txhash=F0B5115627 error_type=- net_stage=- pre_ms=28.443 post_ms=22.528
INFO:root:[32] ok=True txhash_ms=10982.889 display_ms=4690.706 total_ms=15673.595 txhash=593348D9AE error_type=- net_stage=- pre_ms=27.682 post_ms=44.761
INFO:root:[33] ok=True txhash_ms=11048.823 display_ms=4690.001 total_ms=15738.824 txhash=FBF95E6DC8 error_type=- net_stage=- pre_ms=30.018 post_ms=26.291
INFO:root:[34] ok=True txhash_ms=11292.429 display_ms=4695.640 total_ms=15988.069 txhash=8233FFED29 error_type=- net_stage=- pre_ms=36.704 post_ms=48.638
INFO:root:[35] ok=True txhash_ms=10708.180 display_ms=4742.492 total_ms=15450.672 txhash=7652FB6553 error_type=- net_stage=- pre_ms=24.126 post_ms=26.747
INFO:root:[36] ok=True txhash_ms=10769.642 display_ms=4691.289 total_ms=15460.931 txhash=1C78EEAC97 error_type=- net_stage=- pre_ms=45.136 post_ms=38.92
INFO:root:[37] ok=True txhash_ms=10939.129 display_ms=4696.275 total_ms=15635.404 txhash=A769D2A9B2 error_type=- net_stage=- pre_ms=20.649 post_ms=3.821
INFO:root:[38] ok=True txhash_ms=10995.306 display_ms=4685.911 total_ms=15681.217 txhash=2688ABD027 error_type=- net_stage=- pre_ms=40.882 post_ms=25.757
INFO:root:[39] ok=True txhash_ms=10747.868 display_ms=4745.225 total_ms=15493.094 txhash=33084A6A01 error_type=- net_stage=- pre_ms=33.958 post_ms=40.458
INFO:root:[40] ok=True txhash_ms=10800.789 display_ms=4744.115 total_ms=15544.904 txhash=7C44C05D1B error_type=- net_stage=- pre_ms=32.059 post_ms=31.059
INFO:root:[41] ok=True txhash_ms=10986.909 display_ms=4709.505 total_ms=15696.414 txhash=ABE42882F2 error_type=- net_stage=- pre_ms=54.778 post_ms=22.537
INFO:root:[42] ok=True txhash_ms=10854.146 display_ms=4747.015 total_ms=15601.161 txhash=1A05CAB905 error_type=- net_stage=- pre_ms=32.322 post_ms=34.421
INFO:root:[43] ok=True txhash_ms=10815.074 display_ms=4697.673 total_ms=15512.747 txhash=67545E0119 error_type=- net_stage=- pre_ms=38.061 post_ms=20.213
INFO:root:[44] ok=True txhash_ms=10802.869 display_ms=4737.074 total_ms=15539.943 txhash=1B5FB4C0AC error_type=- net_stage=- pre_ms=18.852 post_ms=26.101
INFO:root:[45] ok=True txhash_ms=10493.147 display_ms=4691.421 total_ms=15184.568 txhash=C6FA6DE27D error_type=- net_stage=- pre_ms=23.259 post_ms=25.545
INFO:root:[46] ok=True txhash_ms=10924.323 display_ms=4708.099 total_ms=15632.423 txhash=16B715A54B error_type=- net_stage=- pre_ms=13.724 post_ms=31.782
INFO:root:[47] ok=True txhash_ms=11267.929 display_ms=4697.719 total_ms=15965.648 txhash=B9A5801853 error_type=- net_stage=- pre_ms=41.321 post_ms=45.909
INFO:root:[48] ok=True txhash_ms=10817.775 display_ms=4699.714 total_ms=15517.489 txhash=B1AC56F0FA error_type=- net_stage=- pre_ms=41.905 post_ms=26.86
INFO:root:[49] ok=True txhash_ms=10917.254 display_ms=4687.552 total_ms=15604.806 txhash=ED89B90E5B error_type=- net_stage=- pre_ms=23.774 post_ms=25.391
INFO:root:[50] ok=True txhash_ms=10550.787 display_ms=4743.705 total_ms=15294.492 txhash=57297B550F error_type=- net_stage=- pre_ms=36.253 post_ms=43.293
INFO:root:[51] ok=True txhash_ms=11196.621 display_ms=4743.629 total_ms=15940.250 txhash=1A35992EAB error_type=- net_stage=- pre_ms=35.511 post_ms=27.861
INFO:root:[52] ok=True txhash_ms=11050.235 display_ms=4689.195 total_ms=15739.430 txhash=1737B5EC1D error_type=- net_stage=- pre_ms=42.351 post_ms=35.588
INFO:root:[53] ok=True txhash_ms=10733.884 display_ms=4721.433 total_ms=15455.317 txhash=410D761CAC error_type=- net_stage=- pre_ms=43.204 post_ms=24.829
INFO:root:[54] ok=True txhash_ms=10903.153 display_ms=4690.244 total_ms=15593.397 txhash=9B4929DF22 error_type=- net_stage=- pre_ms=10.407 post_ms=10.997
INFO:root:[55] ok=True txhash_ms=11042.096 display_ms=4689.240 total_ms=15731.336 txhash=FA10EB971A error_type=- net_stage=- pre_ms=30.456 post_ms=47.78
INFO:root:[56] ok=True txhash_ms=10841.153 display_ms=4724.913 total_ms=15566.066 txhash=B93BA7190E error_type=- net_stage=- pre_ms=46.49 post_ms=40.955
INFO:root:[57] ok=True txhash_ms=11364.899 display_ms=4750.253 total_ms=16115.152 txhash=D1A8DF8385 error_type=- net_stage=- pre_ms=39.989 post_ms=47.26
INFO:root:[58] ok=True txhash_ms=11036.935 display_ms=4690.052 total_ms=15726.987 txhash=528A2A2E7F error_type=- net_stage=- pre_ms=38.236 post_ms=28.148
INFO:root:[59] ok=True txhash_ms=10955.929 display_ms=4748.952 total_ms=15704.881 txhash=E112307FC6 error_type=- net_stage=- pre_ms=37.553 post_ms=16.495
INFO:root:[60] ok=True txhash_ms=11227.979 display_ms=4685.113 total_ms=15913.092 txhash=17B378AE0C error_type=- net_stage=- pre_ms=34.069 post_ms=32.847
INFO:root:[61] ok=True txhash_ms=10987.714 display_ms=4686.591 total_ms=15674.304 txhash=DEA03615EE error_type=- net_stage=- pre_ms=15.248 post_ms=26.218
INFO:root:[62] ok=True txhash_ms=10335.041 display_ms=4749.986 total_ms=15085.027 txhash=EBB5AE69D7 error_type=- net_stage=- pre_ms=26.948 post_ms=54.38
INFO:root:[63] ok=True txhash_ms=10852.867 display_ms=4688.415 total_ms=15541.282 txhash=AFD71C7287 error_type=- net_stage=- pre_ms=37.55 post_ms=40.324
INFO:root:[64] ok=True txhash_ms=10992.491 display_ms=4737.990 total_ms=15730.481 txhash=8F5ED72805 error_type=- net_stage=- pre_ms=22.595 post_ms=40.754
INFO:root:[65] ok=True txhash_ms=10813.217 display_ms=4689.162 total_ms=15502.379 txhash=C16670D6B9 error_type=- net_stage=- pre_ms=55.503 post_ms=29.153
INFO:root:[66] ok=True txhash_ms=10951.261 display_ms=4723.535 total_ms=15674.796 txhash=154D84DC61 error_type=- net_stage=- pre_ms=22.785 post_ms=54.493
INFO:root:[67] ok=True txhash_ms=11077.527 display_ms=4746.434 total_ms=15823.961 txhash=6AE35DFC41 error_type=- net_stage=- pre_ms=33.401 post_ms=51.608
INFO:root:[68] ok=True txhash_ms=10984.291 display_ms=4689.929 total_ms=15674.220 txhash=FC82BBD169 error_type=- net_stage=- pre_ms=38.986 post_ms=52.323
INFO:root:[69] ok=True txhash_ms=10798.423 display_ms=4697.131 total_ms=15495.555 txhash=02C5B2D115 error_type=- net_stage=- pre_ms=35.802 post_ms=34.579
INFO:root:[70] ok=True txhash_ms=11581.650 display_ms=4690.147 total_ms=16271.797 txhash=C67C51A6F7 error_type=- net_stage=- pre_ms=44.254 post_ms=30.316
INFO:root:[71] ok=True txhash_ms=10917.017 display_ms=4742.459 total_ms=15659.476 txhash=6F68770C53 error_type=- net_stage=- pre_ms=9.85 post_ms=26.241
INFO:root:[72] ok=True txhash_ms=10960.470 display_ms=4746.089 total_ms=15706.559 txhash=0A9391CAAB error_type=- net_stage=- pre_ms=43.945 post_ms=30.137
INFO:root:[73] ok=True txhash_ms=10969.320 display_ms=4687.317 total_ms=15656.637 txhash=0BEE3F26F3 error_type=- net_stage=- pre_ms=29.554 post_ms=46.138
INFO:root:[74] ok=True txhash_ms=10626.967 display_ms=4743.404 total_ms=15370.371 txhash=090748B854 error_type=- net_stage=- pre_ms=34.943 post_ms=49.612
INFO:root:[75] ok=True txhash_ms=10803.427 display_ms=4742.317 total_ms=15545.743 txhash=F02C2009D5 error_type=- net_stage=- pre_ms=31.971 post_ms=14.221
INFO:root:[76] ok=True txhash_ms=10541.857 display_ms=4689.088 total_ms=15230.945 txhash=CD16DDB432 error_type=- net_stage=- pre_ms=30.358 post_ms=23.636
INFO:root:[77] ok=True txhash_ms=11252.802 display_ms=4689.246 total_ms=15942.048 txhash=AB3152EB4B error_type=- net_stage=- pre_ms=32.49 post_ms=41.253
INFO:root:[78] ok=True txhash_ms=11010.450 display_ms=4696.000 total_ms=15706.450 txhash=9F1D7B27FB error_type=- net_stage=- pre_ms=43.546 post_ms=40.493
INFO:root:[79] ok=True txhash_ms=10668.488 display_ms=4739.558 total_ms=15408.046 txhash=9E8D64C034 error_type=- net_stage=- pre_ms=28.43 post_ms=25.933
INFO:root:[80] ok=True txhash_ms=10995.454 display_ms=4690.719 total_ms=15686.173 txhash=B8ADD33167 error_type=- net_stage=- pre_ms=22.227 post_ms=38.41
INFO:root:[81] ok=True txhash_ms=10672.712 display_ms=4687.383 total_ms=15360.095 txhash=E0359BF946 error_type=- net_stage=- pre_ms=38.304 post_ms=44.422
INFO:root:[82] ok=True txhash_ms=11297.189 display_ms=4729.364 total_ms=16026.554 txhash=D8DDDC5549 error_type=- net_stage=- pre_ms=46.978 post_ms=38.959
INFO:root:[83] ok=True txhash_ms=11004.710 display_ms=4688.198 total_ms=15692.908 txhash=30A549CF58 error_type=- net_stage=- pre_ms=35.579 post_ms=15.569
INFO:root:[84] ok=True txhash_ms=10995.334 display_ms=4742.672 total_ms=15738.005 txhash=1DFD7A254B error_type=- net_stage=- pre_ms=35.869 post_ms=44.777
INFO:root:[85] ok=True txhash_ms=11174.879 display_ms=4734.057 total_ms=15908.936 txhash=54089AEBB3 error_type=- net_stage=- pre_ms=30.453 post_ms=26.851
INFO:root:[86] ok=True txhash_ms=10963.740 display_ms=4751.640 total_ms=15715.380 txhash=EA3A91CF53 error_type=- net_stage=- pre_ms=34.809 post_ms=31.199
INFO:root:[87] ok=True txhash_ms=11162.169 display_ms=4692.833 total_ms=15855.002 txhash=6269E716DD error_type=- net_stage=- pre_ms=29.302 post_ms=35.303
INFO:root:[88] ok=True txhash_ms=11161.894 display_ms=4688.707 total_ms=15850.601 txhash=71F21781B3 error_type=- net_stage=- pre_ms=35.569 post_ms=53.745
INFO:root:[89] ok=True txhash_ms=11258.605 display_ms=4702.927 total_ms=15961.532 txhash=514B26790C error_type=- net_stage=- pre_ms=50.361 post_ms=31.036
INFO:root:[90] ok=True txhash_ms=10829.512 display_ms=4688.102 total_ms=15517.613 txhash=36FDB670BC error_type=- net_stage=- pre_ms=32.934 post_ms=19.248
INFO:root:[91] ok=True txhash_ms=10792.587 display_ms=4685.308 total_ms=15477.895 txhash=424CE57D37 error_type=- net_stage=- pre_ms=34.958 post_ms=19.578
INFO:root:[92] ok=True txhash_ms=10591.819 display_ms=4747.131 total_ms=15338.950 txhash=4BDB2F4BC3 error_type=- net_stage=- pre_ms=36.798 post_ms=18.756
INFO:root:[93] ok=True txhash_ms=10541.708 display_ms=4690.469 total_ms=15232.177 txhash=BAC91D6C6E error_type=- net_stage=- pre_ms=33.492 post_ms=40.791
INFO:root:[94] ok=True txhash_ms=11357.586 display_ms=4731.291 total_ms=16088.877 txhash=ECEF8415DA error_type=- net_stage=- pre_ms=37.469 post_ms=49.146
INFO:root:[95] ok=True txhash_ms=11088.632 display_ms=4690.385 total_ms=15779.017 txhash=EA3E16CFFE error_type=- net_stage=- pre_ms=24.355 post_ms=29.125
INFO:root:[96] ok=True txhash_ms=10862.982 display_ms=4747.658 total_ms=15610.641 txhash=3F00319374 error_type=- net_stage=- pre_ms=20.666 post_ms=23.537
INFO:root:[97] ok=True txhash_ms=11007.978 display_ms=4699.640 total_ms=15707.618 txhash=9353B6E496 error_type=- net_stage=- pre_ms=45.796 post_ms=32.555
INFO:root:[98] ok=True txhash_ms=11128.844 display_ms=4738.769 total_ms=15867.613 txhash=DDC8BE7936 error_type=- net_stage=- pre_ms=19.366 post_ms=41.149
INFO:root:[99] ok=True txhash_ms=10832.543 display_ms=4687.908 total_ms=15520.451 txhash=D4C69EF378 error_type=- net_stage=- pre_ms=37.73 post_ms=43.838
INFO:root:[100] ok=True txhash_ms=11350.355 display_ms=4687.356 total_ms=16037.712 txhash=C9AA2633F5 error_type=- net_stage=- pre_ms=29.959 post_ms=35.945
