INFO:root:SPEC LOOP: payload -> tx (txhash) -> display -> csv (Ctrl+C to stop)
INFO:root:GPIOZERO_PIN_FACTORY=lgpio
INFO:root:SEND_FULL_PAYLOAD=1 INCLUDE_TXHASH_IN_QR=1
INFO:root:NODE_SEND_TIMEOUT_SEC=60.0
INFO:root:NET_EMULATION=1 profile=baseline source=name:baseline rtt_ms=61.359 jitter_ms=22.215 up_kbps=512.0 down_kbps=2048.0 loss=0.0000 timeout=0.0000 outage_prob=0.0010 seed=42
INFO:root:[1] ok=True txhash_ms=10884.439 display_ms=4723.912 total_ms=15608.351 txhash=2018A8F77D error_type=- net_stage=- pre_ms=44.259 post_ms=33.566
INFO:root:[2] ok=True txhash_ms=10703.674 display_ms=4687.972 total_ms=15391.646 txhash=69004E4175 error_type=- net_stage=- pre_ms=39.152 post_ms=29.202
INFO:root:[3] ok=True txhash_ms=10823.751 display_ms=4744.953 total_ms=15568.704 txhash=422600A47C error_type=- net_stage=- pre_ms=32.886 post_ms=32.085
INFO:root:[4] ok=True txhash_ms=10685.483 display_ms=4741.706 total_ms=15427.189 txhash=72E60191B1 error_type=- net_stage=- pre_ms=38.197 post_ms=46.735
INFO:root:[5] ok=True txhash_ms=11053.103 display_ms=4688.737 total_ms=15741.840 txhash=CBD5E46495 error_type=- net_stage=- pre_ms=32.218 post_ms=22.574
INFO:root:[6] ok=True txhash_ms=11103.073 display_ms=4722.783 total_ms=15825.856 txhash=5E37BDBD83 error_type=- net_stage=- pre_ms=39.644 post_ms=34.929
INFO:root:[7] ok=True txhash_ms=10945.598 display_ms=4729.253 total_ms=15674.852 txhash=15A57B07F5 error_type=- net_stage=- pre_ms=33.712 post_ms=18.514
INFO:root:[8] ok=True txhash_ms=10819.224 display_ms=4730.494 total_ms=15549.718 txhash=EDBA2C1758 error_type=- net_stage=- pre_ms=42.839 post_ms=18.627
INFO:root:[9] ok=True txhash_ms=10622.092 display_ms=4687.496 total_ms=15309.588 txhash=21863C3B14 error_type=- net_stage=- pre_ms=43.121 post_ms=34.44
INFO:root:[10] ok=True txhash_ms=10782.371 display_ms=4724.425 total_ms=15506.796 txhash=4642F649D1 error_type=- net_stage=- pre_ms=42.68 post_ms=37.487
INFO:root:[11] ok=True txhash_ms=9387.477 display_ms=4688.466 total_ms=14075.942 txhash=E5EFB777EB error_type=- net_stage=- pre_ms=37.664 post_ms=40.644
INFO:root:[12] ok=True txhash_ms=10857.750 display_ms=4732.398 total_ms=15590.148 txhash=9CDB7D5D9D error_type=- net_stage=- pre_ms=43.997 post_ms=47.965
INFO:root:[13] ok=True txhash_ms=11102.095 display_ms=4710.296 total_ms=15812.391 txhash=B19193B6DC error_type=- net_stage=- pre_ms=26.427 post_ms=21.251
INFO:root:[14] ok=True txhash_ms=11039.502 display_ms=4741.836 total_ms=15781.338 txhash=14278D59DB error_type=- net_stage=- pre_ms=35.833 post_ms=34.985
INFO:root:[15] ok=True txhash_ms=10904.116 display_ms=4688.254 total_ms=15592.370 txhash=B88FA17615 error_type=- net_stage=- pre_ms=56.727 post_ms=24.198
INFO:root:[16] ok=True txhash_ms=11149.232 display_ms=4687.808 total_ms=15837.041 txhash=96F0D3BDB1 error_type=- net_stage=- pre_ms=46.038 post_ms=25.876
INFO:root:[17] ok=True txhash_ms=10829.954 display_ms=4727.745 total_ms=15557.699 txhash=29DBE7F0A8 error_type=- net_stage=- pre_ms=34.283 post_ms=46.848
INFO:root:[18] ok=True txhash_ms=11041.376 display_ms=4733.896 total_ms=15775.272 txhash=33BF0FB2C8 error_type=- net_stage=- pre_ms=48.717 post_ms=31.967
INFO:root:[19] ok=True txhash_ms=10529.043 display_ms=4744.048 total_ms=15273.091 txhash=051897D2C0 error_type=- net_stage=- pre_ms=21.756 post_ms=18.039
INFO:root:[20] ok=True txhash_ms=10997.829 display_ms=4694.194 total_ms=15692.022 txhash=6025ADAC60 error_type=- net_stage=- pre_ms=49.089 post_ms=31.84
INFO:root:[21] ok=True txhash_ms=10879.992 display_ms=4686.938 total_ms=15566.930 txhash=8814F2E273 error_type=- net_stage=- pre_ms=32.386 post_ms=15.648
INFO:root:[22] ok=True txhash_ms=10568.260 display_ms=4734.788 total_ms=15303.048 txhash=6E18D3EC4E error_type=- net_stage=- pre_ms=44.529 post_ms=39.823
INFO:root:[23] ok=True txhash_ms=10927.062 display_ms=4731.954 total_ms=15659.016 txhash=6B3BACE871 error_type=- net_stage=- pre_ms=34.361 post_ms=45.215
INFO:root:[24] ok=True txhash_ms=11982.961 display_ms=4692.944 total_ms=16675.905 txhash=D98903A2E8 error_type=- net_stage=- pre_ms=30.709 post_ms=47.298
INFO:root:[25] ok=True txhash_ms=10624.848 display_ms=4733.856 total_ms=15358.705 txhash=412CCDF152 error_type=- net_stage=- pre_ms=16.759 post_ms=27.444
INFO:root:[26] ok=True txhash_ms=10501.915 display_ms=4751.016 total_ms=15252.932 txhash=9A0D8BC6E4 error_type=- net_stage=- pre_ms=60.824 post_ms=35.291
INFO:root:[27] ok=True txhash_ms=11058.039 display_ms=4688.000 total_ms=15746.039 txhash=58BFB72B3B error_type=- net_stage=- pre_ms=56.753 post_ms=40.282
INFO:root:[28] ok=True txhash_ms=11392.663 display_ms=4688.991 total_ms=16081.654 txhash=19EE6B08B6 error_type=- net_stage=- pre_ms=52.495 post_ms=40.085
INFO:root:[29] ok=True txhash_ms=10857.532 display_ms=4688.990 total_ms=15546.521 txhash=648B552F9A error_type=- net_stage=- pre_ms=27.167 post_ms=29.488
INFO:root:[30] ok=True txhash_ms=11152.315 display_ms=4689.660 total_ms=15841.976 txhash=CACFBCC179 error_type=- net_stage=- pre_ms=18.033 post_ms=27.779
INFO:root:[31] ok=True txhash_ms=10710.402 display_ms=4691.478 total_ms=15401.880 txhash=944BE1FEB7 error_type=- net_stage=- pre_ms=28.443 post_ms=22.528
INFO:root:[32] ok=True txhash_ms=11049.394 display_ms=4686.713 total_ms=15736.107 txhash=FD792515D4 error_type=- net_stage=- pre_ms=27.682 post_ms=44.761
INFO:root:[33] ok=True txhash_ms=10928.416 display_ms=4738.782 total_ms=15667.198 txhash=03986EBCF3 error_type=- net_stage=- pre_ms=30.018 post_ms=26.295
INFO:root:[34] ok=True txhash_ms=11577.871 display_ms=4735.896 total_ms=16313.767 txhash=712BA220EC error_type=- net_stage=- pre_ms=36.704 post_ms=48.642
INFO:root:[35] ok=True txhash_ms=10694.474 display_ms=4744.386 total_ms=15438.860 txhash=E0C856C161 error_type=- net_stage=- pre_ms=24.126 post_ms=26.747
INFO:root:[36] ok=True txhash_ms=10797.263 display_ms=4690.084 total_ms=15487.347 txhash=4575331C05 error_type=- net_stage=- pre_ms=45.136 post_ms=38.912
INFO:root:[37] ok=True txhash_ms=11013.479 display_ms=4715.873 total_ms=15729.352 txhash=33309AB56E error_type=- net_stage=- pre_ms=20.649 post_ms=3.825
INFO:root:[38] ok=True txhash_ms=10829.158 display_ms=4750.366 total_ms=15579.524 txhash=36AB58EFF5 error_type=- net_stage=- pre_ms=40.882 post_ms=25.757
INFO:root:[39] ok=True txhash_ms=11254.426 display_ms=4692.748 total_ms=15947.174 txhash=D05E9255C2 error_type=- net_stage=- pre_ms=33.958 post_ms=40.458
INFO:root:[40] ok=True txhash_ms=10653.743 display_ms=4740.223 total_ms=15393.966 txhash=24B546D423 error_type=- net_stage=- pre_ms=32.059 post_ms=31.059
INFO:root:[41] ok=True txhash_ms=11375.412 display_ms=4690.833 total_ms=16066.245 txhash=16337DF559 error_type=- net_stage=- pre_ms=54.778 post_ms=22.537
INFO:root:[42] ok=True txhash_ms=10837.596 display_ms=4747.620 total_ms=15585.217 txhash=D822AC7D07 error_type=- net_stage=- pre_ms=32.322 post_ms=34.421
INFO:root:[43] ok=True txhash_ms=11168.993 display_ms=4696.387 total_ms=15865.380 txhash=95248C6E5D error_type=- net_stage=- pre_ms=38.061 post_ms=20.213
INFO:root:[44] ok=True txhash_ms=11450.312 display_ms=4737.165 total_ms=16187.477 txhash=7BB93EDBBB error_type=- net_stage=- pre_ms=18.852 post_ms=26.101
INFO:root:[45] ok=True txhash_ms=10612.022 display_ms=4726.719 total_ms=15338.741 txhash=6711AB0826 error_type=- net_stage=- pre_ms=23.259 post_ms=25.541
INFO:root:[46] ok=True txhash_ms=10934.402 display_ms=4700.298 total_ms=15634.700 txhash=54EE0A7D1D error_type=- net_stage=- pre_ms=13.724 post_ms=31.782
INFO:root:[47] ok=True txhash_ms=11009.810 display_ms=4749.148 total_ms=15758.958 txhash=775AF3114F error_type=- net_stage=- pre_ms=41.321 post_ms=45.909
INFO:root:[48] ok=True txhash_ms=11113.498 display_ms=4692.531 total_ms=15806.029 txhash=B16682F4F8 error_type=- net_stage=- pre_ms=41.905 post_ms=26.86
INFO:root:[49] ok=True txhash_ms=10890.501 display_ms=4727.370 total_ms=15617.871 txhash=0A3C216A0D error_type=- net_stage=- pre_ms=23.774 post_ms=25.391
INFO:root:[50] ok=True txhash_ms=10681.677 display_ms=4688.368 total_ms=15370.045 txhash=82DC01FDE0 error_type=- net_stage=- pre_ms=36.253 post_ms=43.293
INFO:root:[51] ok=True txhash_ms=10932.139 display_ms=4739.695 total_ms=15671.834 txhash=88FD45AC73 error_type=- net_stage=- pre_ms=35.511 post_ms=27.861
INFO:root:[52] ok=True txhash_ms=10824.673 display_ms=4687.192 total_ms=15511.865 txhash=AF2EC255B3 error_type=- net_stage=- pre_ms=42.351 post_ms=35.588
INFO:root:[53] ok=True txhash_ms=10669.672 display_ms=4747.440 total_ms=15417.112 txhash=72249D7502 error_type=- net_stage=- pre_ms=43.204 post_ms=24.833
INFO:root:[54] ok=True txhash_ms=10871.158 display_ms=4694.624 total_ms=15565.782 txhash=637A69E2A2 error_type=- net_stage=- pre_ms=10.407 post_ms=10.997
INFO:root:[55] ok=True txhash_ms=11159.862 display_ms=4742.160 total_ms=15902.022 txhash=471AB638F9 error_type=- net_stage=- pre_ms=30.456 post_ms=47.78
INFO:root:[56] ok=True txhash_ms=10920.250 display_ms=4726.062 total_ms=15646.312 txhash=6291A29F75 error_type=- net_stage=- pre_ms=46.49 post_ms=40.955
INFO:root:[57] ok=True txhash_ms=11332.199 display_ms=4691.930 total_ms=16024.129 txhash=ACB66EE7CB error_type=- net_stage=- pre_ms=39.989 post_ms=47.26
INFO:root:[58] ok=True txhash_ms=11062.466 display_ms=4731.485 total_ms=15793.951 txhash=0215CB108A error_type=- net_stage=- pre_ms=38.236 post_ms=28.148
INFO:root:[59] ok=True txhash_ms=10367.435 display_ms=4699.072 total_ms=15066.508 txhash=13CF47EB2E error_type=- net_stage=- pre_ms=37.553 post_ms=16.495
INFO:root:[60] ok=True txhash_ms=11200.235 display_ms=4688.153 total_ms=15888.388 txhash=7D27C21E05 error_type=- net_stage=- pre_ms=34.069 post_ms=32.851
INFO:root:[61] ok=True txhash_ms=10723.753 display_ms=4689.301 total_ms=15413.054 txhash=5F7332F948 error_type=- net_stage=- pre_ms=15.248 post_ms=26.218
INFO:root:[62] ok=True txhash_ms=16586.583 display_ms=4688.449 total_ms=21275.032 txhash=A1BF5765A4 error_type=- net_stage=- pre_ms=26.948 post_ms=54.384
INFO:root:[63] ok=True txhash_ms=11204.285 display_ms=4747.521 total_ms=15951.806 txhash=E7139836D5 error_type=- net_stage=- pre_ms=37.55 post_ms=40.324
INFO:root:[64] ok=True txhash_ms=10965.795 display_ms=4685.561 total_ms=15651.356 txhash=D7376B6693 error_type=- net_stage=- pre_ms=22.595 post_ms=40.754
INFO:root:[65] ok=True txhash_ms=10889.976 display_ms=4690.149 total_ms=15580.125 txhash=F9573F77B6 error_type=- net_stage=- pre_ms=55.503 post_ms=29.153
INFO:root:[66] ok=True txhash_ms=10859.200 display_ms=4686.791 total_ms=15545.991 txhash=CA6D0309E6 error_type=- net_stage=- pre_ms=22.785 post_ms=54.497
INFO:root:[67] ok=True txhash_ms=10569.303 display_ms=4748.025 total_ms=15317.329 txhash=C168B3E83E error_type=- net_stage=- pre_ms=33.401 post_ms=51.608
INFO:root:[68] ok=True txhash_ms=11127.647 display_ms=4691.163 total_ms=15818.810 txhash=8757D21077 error_type=- net_stage=- pre_ms=38.986 post_ms=52.323
INFO:root:[69] ok=True txhash_ms=10916.374 display_ms=4699.118 total_ms=15615.492 txhash=563369ED9F error_type=- net_stage=- pre_ms=35.802 post_ms=34.579
INFO:root:[70] ok=True txhash_ms=11026.863 display_ms=4693.153 total_ms=15720.016 txhash=1AC4818D76 error_type=- net_stage=- pre_ms=44.254 post_ms=30.316
INFO:root:[71] ok=True txhash_ms=11295.375 display_ms=4692.438 total_ms=15987.813 txhash=EA2EFE633F error_type=- net_stage=- pre_ms=9.85 post_ms=26.241
INFO:root:[72] ok=True txhash_ms=11286.605 display_ms=4693.150 total_ms=15979.755 txhash=2DAC094BF9 error_type=- net_stage=- pre_ms=43.945 post_ms=30.137
INFO:root:[73] ok=True txhash_ms=11040.997 display_ms=4731.923 total_ms=15772.920 txhash=D6DD8F235C error_type=- net_stage=- pre_ms=29.554 post_ms=46.138
INFO:root:[74] ok=True txhash_ms=11036.785 display_ms=4686.419 total_ms=15723.204 txhash=7093180FF6 error_type=- net_stage=- pre_ms=34.943 post_ms=49.612
INFO:root:[75] ok=True txhash_ms=10863.589 display_ms=4748.786 total_ms=15612.375 txhash=506E6C48D3 error_type=- net_stage=- pre_ms=31.971 post_ms=14.225
INFO:root:[76] ok=True txhash_ms=11391.163 display_ms=4699.097 total_ms=16090.259 txhash=9A46E1D544 error_type=- net_stage=- pre_ms=30.358 post_ms=23.636
INFO:root:[77] ok=True txhash_ms=11008.483 display_ms=4688.294 total_ms=15696.777 txhash=A8127B81BF error_type=- net_stage=- pre_ms=32.49 post_ms=41.253
INFO:root:[78] ok=True txhash_ms=10950.816 display_ms=4687.407 total_ms=15638.223 txhash=0C2D7556B1 error_type=- net_stage=- pre_ms=43.546 post_ms=40.493
INFO:root:[79] ok=True txhash_ms=11214.273 display_ms=4738.298 total_ms=15952.571 txhash=9709505501 error_type=- net_stage=- pre_ms=28.43 post_ms=25.933
INFO:root:[80] ok=True txhash_ms=10548.292 display_ms=4744.895 total_ms=15293.187 txhash=36C48E927E error_type=- net_stage=- pre_ms=22.227 post_ms=38.41
INFO:root:[81] ok=True txhash_ms=11019.012 display_ms=4687.463 total_ms=15706.475 txhash=BA9CB8C86D error_type=- net_stage=- pre_ms=38.304 post_ms=44.422
INFO:root:[82] ok=True txhash_ms=10304.701 display_ms=4751.562 total_ms=15056.263 txhash=46A9FA2F81 error_type=- net_stage=- pre_ms=46.978 post_ms=38.963
INFO:root:[83] ok=True txhash_ms=11066.744 display_ms=4738.053 total_ms=15804.796 txhash=E75C799E05 error_type=- net_stage=- pre_ms=35.579 post_ms=15.569
INFO:root:[84] ok=True txhash_ms=10685.823 display_ms=4741.961 total_ms=15427.783 txhash=1B68A7EB72 error_type=- net_stage=- pre_ms=35.869 post_ms=44.773
INFO:root:[85] ok=True txhash_ms=11082.861 display_ms=4692.527 total_ms=15775.388 txhash=9E281F8D77 error_type=- net_stage=- pre_ms=30.453 post_ms=26.851
INFO:root:[86] ok=True txhash_ms=10694.056 display_ms=4740.001 total_ms=15434.057 txhash=B1F8564463 error_type=- net_stage=- pre_ms=34.809 post_ms=31.199
INFO:root:[87] ok=True txhash_ms=10796.783 display_ms=4733.353 total_ms=15530.135 txhash=789F5AC50E error_type=- net_stage=- pre_ms=29.302 post_ms=35.303
INFO:root:[88] ok=True txhash_ms=10809.570 display_ms=4689.194 total_ms=15498.764 txhash=C81FF1C4A0 error_type=- net_stage=- pre_ms=35.569 post_ms=53.741
INFO:root:[89] ok=True txhash_ms=10973.438 display_ms=4696.501 total_ms=15669.939 txhash=C733C9AEC1 error_type=- net_stage=- pre_ms=50.361 post_ms=31.036
INFO:root:[90] ok=True txhash_ms=10587.637 display_ms=4736.950 total_ms=15324.587 txhash=FFD51B1436 error_type=- net_stage=- pre_ms=32.934 post_ms=19.248
INFO:root:[91] ok=True txhash_ms=10987.935 display_ms=4754.157 total_ms=15742.091 txhash=249F8EF540 error_type=- net_stage=- pre_ms=34.958 post_ms=19.578
INFO:root:[92] ok=True txhash_ms=11166.630 display_ms=4690.420 total_ms=15857.050 txhash=D7C92B9292 error_type=- net_stage=- pre_ms=36.798 post_ms=18.756
INFO:root:[93] ok=True txhash_ms=10960.868 display_ms=4694.179 total_ms=15655.047 txhash=9DAB4B3AC8 error_type=- net_stage=- pre_ms=33.492 post_ms=40.795
INFO:root:[94] ok=True txhash_ms=10970.500 display_ms=4689.737 total_ms=15660.237 txhash=1217E0BA21 error_type=- net_stage=- pre_ms=37.469 post_ms=49.142
INFO:root:[95] ok=True txhash_ms=10493.978 display_ms=4711.592 total_ms=15205.570 txhash=5D6DCDE70B error_type=- net_stage=- pre_ms=24.355 post_ms=29.125
INFO:root:[96] ok=True txhash_ms=10801.114 display_ms=4691.443 total_ms=15492.556 txhash=DF17CBD5D1 error_type=- net_stage=- pre_ms=20.666 post_ms=23.537
INFO:root:[97] ok=True txhash_ms=10980.898 display_ms=4732.650 total_ms=15713.548 txhash=7B16281E74 error_type=- net_stage=- pre_ms=45.796 post_ms=32.555
INFO:root:[98] ok=True txhash_ms=10513.993 display_ms=4745.969 total_ms=15259.962 txhash=8446FE2C4F error_type=- net_stage=- pre_ms=19.366 post_ms=41.149
INFO:root:[99] ok=True txhash_ms=11194.939 display_ms=4691.899 total_ms=15886.838 txhash=8A87408934 error_type=- net_stage=- pre_ms=37.73 post_ms=43.838
INFO:root:[100] ok=True txhash_ms=10830.850 display_ms=4732.622 total_ms=15563.472 txhash=7359E1FC2C error_type=- net_stage=- pre_ms=29.959 post_ms=35.945
