INFO:root:SPEC LOOP: payload -> tx (txhash) -> display -> csv (Ctrl+C to stop)
INFO:root:GPIOZERO_PIN_FACTORY=lgpio
INFO:root:SEND_FULL_PAYLOAD=1 INCLUDE_TXHASH_IN_QR=1
INFO:root:NODE_SEND_TIMEOUT_SEC=60.0
INFO:root:NET_EMULATION=1 profile=outdoor-normal source=name:outdoor-normal rtt_ms=140.000 jitter_ms=55.000 up_kbps=256.0 down_kbps=1024.0 loss=0.0050 timeout=0.0100 outage_prob=0.0010 seed=42
INFO:root:[1] ok=True txhash_ms=10907.518 display_ms=4759.344 total_ms=15666.862 txhash=13EC231F58 error_type=- net_stage=- pre_ms=101.346 post_ms=76.436
INFO:root:[2] ok=True txhash_ms=10842.573 display_ms=4692.279 total_ms=15534.852 txhash=634EACC22A error_type=- net_stage=- pre_ms=88.701 post_ms=65.633
INFO:root:[3] ok=True txhash_ms=11261.469 display_ms=4692.857 total_ms=15954.325 txhash=EBFA566480 error_type=- net_stage=- pre_ms=73.188 post_ms=72.77
INFO:root:[4] ok=False txhash_ms=59235.464 display_ms=4721.402 total_ms=63956.867 txhash=- error_type=EmulatedTimeout net_stage=post pre_ms=86.337 post_ms=109.039
INFO:root:[5] ok=True txhash_ms=11243.532 display_ms=4740.760 total_ms=15984.292 txhash=FE1552879D error_type=- net_stage=- pre_ms=71.534 post_ms=49.223
INFO:root:[6] ok=True txhash_ms=11199.854 display_ms=4698.006 total_ms=15897.860 txhash=EEDD988D3D error_type=- net_stage=- pre_ms=89.919 post_ms=79.81
INFO:root:[7] ok=True txhash_ms=10930.339 display_ms=4696.316 total_ms=15626.656 txhash=6FAE182D88 error_type=- net_stage=- pre_ms=75.233 post_ms=39.17
INFO:root:[8] ok=True txhash_ms=11043.180 display_ms=4693.786 total_ms=15736.965 txhash=72EAD5BED3 error_type=- net_stage=- pre_ms=97.83 post_ms=39.46
INFO:root:[9] ok=True txhash_ms=10977.059 display_ms=4696.874 total_ms=15673.933 txhash=524B82C004 error_type=- net_stage=- pre_ms=98.527 post_ms=78.601
INFO:root:[10] ok=True txhash_ms=11093.269 display_ms=4694.337 total_ms=15787.607 txhash=F406FF6529 error_type=- net_stage=- pre_ms=97.436 post_ms=86.143
INFO:root:[11] ok=True txhash_ms=10847.461 display_ms=4752.932 total_ms=15600.392 txhash=DF70317F12 error_type=- net_stage=- pre_ms=85.018 post_ms=93.96
INFO:root:[12] ok=True txhash_ms=10790.188 display_ms=4698.554 total_ms=15488.742 txhash=B3838140FE error_type=- net_stage=- pre_ms=100.696 post_ms=112.085
INFO:root:[13] ok=True txhash_ms=11108.486 display_ms=4743.189 total_ms=15851.674 txhash=D7AAAAF5F3 error_type=- net_stage=- pre_ms=57.195 post_ms=45.947
INFO:root:[14] ok=True txhash_ms=11034.806 display_ms=4692.528 total_ms=15727.334 txhash=C375B0977B error_type=- net_stage=- pre_ms=80.485 post_ms=79.948
INFO:root:[15] ok=True txhash_ms=11101.916 display_ms=4734.035 total_ms=15835.951 txhash=E252110A60 error_type=- net_stage=- pre_ms=132.213 post_ms=53.244
INFO:root:[16] ok=True txhash_ms=11050.038 display_ms=4747.406 total_ms=15797.445 txhash=9D88AC4F51 error_type=- net_stage=- pre_ms=105.75 post_ms=57.396
INFO:root:[17] ok=True txhash_ms=10797.217 display_ms=4746.869 total_ms=15544.085 txhash=7687177261 error_type=- net_stage=- pre_ms=76.647 post_ms=109.319
INFO:root:[18] ok=True txhash_ms=10883.719 display_ms=4695.525 total_ms=15579.244 txhash=0268C13EF4 error_type=- net_stage=- pre_ms=112.384 post_ms=72.477
INFO:root:[19] ok=True txhash_ms=11069.928 display_ms=4746.835 total_ms=15816.763 txhash=F649D39FA3 error_type=- net_stage=- pre_ms=45.632 post_ms=37.995
INFO:root:[20] ok=True txhash_ms=11015.602 display_ms=4724.928 total_ms=15740.530 txhash=74B21995DE error_type=- net_stage=- pre_ms=113.303 post_ms=72.162
INFO:root:[21] ok=True txhash_ms=11414.179 display_ms=4694.213 total_ms=16108.392 txhash=B3211F31EC error_type=- net_stage=- pre_ms=71.951 post_ms=32.075
INFO:root:[22] ok=True txhash_ms=11176.933 display_ms=4752.576 total_ms=15929.509 txhash=D430E79BCE error_type=- net_stage=- pre_ms=102.013 post_ms=91.929
INFO:root:[23] ok=True txhash_ms=11105.670 display_ms=4693.524 total_ms=15799.194 txhash=053931A968 error_type=- net_stage=- pre_ms=76.84 post_ms=105.276
INFO:root:[24] ok=True txhash_ms=11501.567 display_ms=4697.528 total_ms=16199.095 txhash=66A4DFE593 error_type=- net_stage=- pre_ms=67.798 post_ms=110.433
INFO:root:[25] ok=False txhash_ms=10968.278 display_ms=4685.742 total_ms=15654.020 txhash=- error_type=EmulatedNetworkError net_stage=post pre_ms=33.26 post_ms=61.288
INFO:root:[26] ok=True txhash_ms=11102.249 display_ms=4738.998 total_ms=15841.246 txhash=41649AC38E error_type=- net_stage=- pre_ms=142.357 post_ms=80.707
INFO:root:[27] ok=True txhash_ms=11023.265 display_ms=4702.897 total_ms=15726.163 txhash=54831F1E69 error_type=- net_stage=- pre_ms=132.277 post_ms=93.065
INFO:root:[28] ok=True txhash_ms=11216.454 display_ms=4724.650 total_ms=15941.104 txhash=58569B6FB8 error_type=- net_stage=- pre_ms=121.735 post_ms=92.575
INFO:root:[29] ok=True txhash_ms=11297.397 display_ms=4725.483 total_ms=16022.880 txhash=4C60418F2B error_type=- net_stage=- pre_ms=59.028 post_ms=66.34
INFO:root:[30] ok=True txhash_ms=10609.330 display_ms=4732.336 total_ms=15341.666 txhash=6FFF3AC517 error_type=- net_stage=- pre_ms=36.415 post_ms=62.109
INFO:root:[31] ok=True txhash_ms=11176.534 display_ms=4727.264 total_ms=15903.799 txhash=5E04822AE8 error_type=- net_stage=- pre_ms=62.189 post_ms=49.11
INFO:root:[32] ok=True txhash_ms=10760.823 display_ms=4755.077 total_ms=15515.900 txhash=14F6A4E285 error_type=- net_stage=- pre_ms=60.305 post_ms=104.152
INFO:root:[33] ok=True txhash_ms=11020.117 display_ms=4691.488 total_ms=15711.605 txhash=AF3C52DF31 error_type=- net_stage=- pre_ms=66.088 post_ms=58.435
INFO:root:[34] ok=True txhash_ms=11418.634 display_ms=4695.680 total_ms=16114.314 txhash=571D14BC10 error_type=- net_stage=- pre_ms=82.642 post_ms=113.761
INFO:root:[35] ok=True txhash_ms=11215.042 display_ms=4699.167 total_ms=15914.209 txhash=325AF8FB7D error_type=- net_stage=- pre_ms=51.5 post_ms=59.554
INFO:root:[36] ok=True txhash_ms=10873.199 display_ms=4767.242 total_ms=15640.441 txhash=69836EC2B7 error_type=- net_stage=- pre_ms=103.517 post_ms=89.692
INFO:root:[37] ok=True txhash_ms=10871.741 display_ms=4694.085 total_ms=15565.826 txhash=CEA482CB9F error_type=- net_stage=- pre_ms=42.891 post_ms=2.969
INFO:root:[38] ok=True txhash_ms=11242.440 display_ms=4723.800 total_ms=15966.240 txhash=BD6A7AB8C7 error_type=- net_stage=- pre_ms=92.985 post_ms=57.102
INFO:root:[39] ok=True txhash_ms=11128.902 display_ms=4695.019 total_ms=15823.921 txhash=7CD54390B7 error_type=- net_stage=- pre_ms=75.843 post_ms=93.492
INFO:root:[40] ok=True txhash_ms=10832.340 display_ms=4745.490 total_ms=15577.830 txhash=1954138FF9 error_type=- net_stage=- pre_ms=71.141 post_ms=70.229
INFO:root:[41] ok=True txhash_ms=11701.395 display_ms=4694.043 total_ms=16395.438 txhash=350676925B error_type=- net_stage=- pre_ms=127.388 post_ms=49.131
INFO:root:[42] ok=True txhash_ms=11312.073 display_ms=4698.740 total_ms=16010.812 txhash=3F828A4270 error_type=- net_stage=- pre_ms=71.792 post_ms=78.553
INFO:root:[43] ok=True txhash_ms=16475.790 display_ms=4692.674 total_ms=21168.464 txhash=7D5CE154A2 error_type=- net_stage=- pre_ms=85.999 post_ms=43.384
INFO:root:[44] ok=True txhash_ms=10796.029 display_ms=4730.099 total_ms=15526.129 txhash=BABF7E29DF error_type=- net_stage=- pre_ms=38.442 post_ms=57.955
INFO:root:[45] ok=True txhash_ms=10856.866 display_ms=4695.556 total_ms=15552.422 txhash=A3B16AC34C error_type=- net_stage=- pre_ms=49.353 post_ms=56.579
INFO:root:[46] ok=True txhash_ms=10906.264 display_ms=4739.592 total_ms=15645.855 txhash=FBC1B6E9BF error_type=- net_stage=- pre_ms=25.747 post_ms=72.02
INFO:root:[47] ok=True txhash_ms=10986.691 display_ms=4755.805 total_ms=15742.496 txhash=6558068E46 error_type=- net_stage=- pre_ms=94.071 post_ms=106.995
INFO:root:[48] ok=True txhash_ms=10706.896 display_ms=4690.712 total_ms=15397.608 txhash=2D5D2AC3D7 error_type=- net_stage=- pre_ms=95.518 post_ms=59.834
INFO:root:[49] ok=True txhash_ms=10862.986 display_ms=4740.944 total_ms=15603.930 txhash=2BE83651DA error_type=- net_stage=- pre_ms=50.629 post_ms=56.198
INFO:root:[50] ok=True txhash_ms=11511.232 display_ms=4754.451 total_ms=16265.684 txhash=17B6CB629C error_type=- net_stage=- pre_ms=81.523 post_ms=100.52
INFO:root:[51] ok=True txhash_ms=11312.536 display_ms=4697.158 total_ms=16009.694 txhash=D8A95BD1F1 error_type=- net_stage=- pre_ms=79.688 post_ms=62.305
INFO:root:[52] ok=True txhash_ms=11177.784 display_ms=4695.918 total_ms=15873.702 txhash=DA060E4EAF error_type=- net_stage=- pre_ms=96.622 post_ms=81.443
INFO:root:[53] ok=True txhash_ms=11362.238 display_ms=4694.568 total_ms=16056.806 txhash=2DAAF9327B error_type=- net_stage=- pre_ms=98.734 post_ms=54.815
INFO:root:[54] ok=False txhash_ms=59738.282 display_ms=4742.424 total_ms=64480.706 txhash=- error_type=EmulatedTimeout net_stage=post pre_ms=17.535 post_ms=20.559
INFO:root:[55] ok=True txhash_ms=11213.115 display_ms=4696.127 total_ms=15909.243 txhash=639F411CA1 error_type=- net_stage=- pre_ms=67.173 post_ms=111.62
INFO:root:[56] ok=True txhash_ms=10978.670 display_ms=4741.313 total_ms=15719.983 txhash=8E8E290CD4 error_type=- net_stage=- pre_ms=106.87 post_ms=94.731
INFO:root:[57] ok=True txhash_ms=10777.019 display_ms=4736.811 total_ms=15513.829 txhash=6589B2F267 error_type=- net_stage=- pre_ms=90.774 post_ms=110.341
INFO:root:[58] ok=True txhash_ms=11004.776 display_ms=4691.352 total_ms=15696.128 txhash=5C3DF28B74 error_type=- net_stage=- pre_ms=86.434 post_ms=63.022
INFO:root:[59] ok=True txhash_ms=10924.005 display_ms=4730.080 total_ms=15654.084 txhash=011BEE5D32 error_type=- net_stage=- pre_ms=84.743 post_ms=34.173
INFO:root:[60] ok=True txhash_ms=11014.313 display_ms=4700.456 total_ms=15714.770 txhash=F4569F83A6 error_type=- net_stage=- pre_ms=76.118 post_ms=74.667
INFO:root:[61] ok=True txhash_ms=11214.753 display_ms=4752.796 total_ms=15967.549 txhash=10B67BFBDB error_type=- net_stage=- pre_ms=29.52 post_ms=58.244
INFO:root:[62] ok=True txhash_ms=10843.041 display_ms=4747.086 total_ms=15590.127 txhash=545890F5CD error_type=- net_stage=- pre_ms=58.486 post_ms=127.967
INFO:root:[63] ok=True txhash_ms=11156.119 display_ms=4749.519 total_ms=15905.638 txhash=2BE9D52D95 error_type=- net_stage=- pre_ms=84.735 post_ms=93.169
INFO:root:[64] ok=True txhash_ms=11303.406 display_ms=4752.128 total_ms=16055.534 txhash=81B409667A error_type=- net_stage=- pre_ms=47.709 post_ms=94.232
INFO:root:[65] ok=True txhash_ms=11108.889 display_ms=4692.016 total_ms=15800.905 txhash=7033F4872E error_type=- net_stage=- pre_ms=129.183 post_ms=65.51
INFO:root:[66] ok=True txhash_ms=10848.538 display_ms=4752.799 total_ms=15601.337 txhash=7D0EC89A8E error_type=- net_stage=- pre_ms=48.18 post_ms=128.257
INFO:root:[67] ok=True txhash_ms=10745.567 display_ms=4748.148 total_ms=15493.716 txhash=07744C5410 error_type=- net_stage=- pre_ms=74.462 post_ms=121.106
INFO:root:[68] ok=True txhash_ms=11069.398 display_ms=4763.747 total_ms=15833.145 txhash=F9BA675539 error_type=- net_stage=- pre_ms=88.291 post_ms=122.875
INFO:root:[69] ok=True txhash_ms=10978.038 display_ms=4695.109 total_ms=15673.148 txhash=F595C1298A error_type=- net_stage=- pre_ms=80.407 post_ms=78.943
INFO:root:[70] ok=True txhash_ms=11415.018 display_ms=4723.615 total_ms=16138.633 txhash=DDAA9B761F error_type=- net_stage=- pre_ms=101.332 post_ms=68.389
INFO:root:[71] ok=True txhash_ms=10500.231 display_ms=4693.210 total_ms=15193.442 txhash=5B44E01E9F error_type=- net_stage=- pre_ms=16.154 post_ms=58.302
INFO:root:[72] ok=True txhash_ms=10824.786 display_ms=4695.659 total_ms=15520.445 txhash=2B4238B8C0 error_type=- net_stage=- pre_ms=100.568 post_ms=67.946
INFO:root:[73] ok=True txhash_ms=11530.415 display_ms=4701.370 total_ms=16231.784 txhash=B4692744BB error_type=- net_stage=- pre_ms=64.939 post_ms=107.563
INFO:root:[74] ok=False txhash_ms=2368.913 display_ms=4676.223 total_ms=7045.136 txhash=- error_type=EmulatedNetworkError net_stage=- pre_ms=0.0 post_ms=0.0
INFO:root:[75] ok=True txhash_ms=11013.690 display_ms=4693.770 total_ms=15707.460 txhash=6F1706809F error_type=- net_stage=- pre_ms=122.74 post_ms=64.344
INFO:root:[76] ok=True txhash_ms=10989.173 display_ms=4736.452 total_ms=15725.625 txhash=CBE4D7C645 error_type=- net_stage=- pre_ms=35.131 post_ms=60.35
INFO:root:[77] ok=True txhash_ms=10784.634 display_ms=4693.557 total_ms=15478.191 txhash=6CAEF8B11C error_type=- net_stage=- pre_ms=58.431 post_ms=65.628
INFO:root:[78] ok=True txhash_ms=11085.115 display_ms=4708.959 total_ms=15794.074 txhash=3D06E38059 error_type=- net_stage=- pre_ms=102.047 post_ms=93.001
INFO:root:[79] ok=True txhash_ms=10932.559 display_ms=4696.434 total_ms=15628.993 txhash=DE07C06233 error_type=- net_stage=- pre_ms=100.163 post_ms=55.579
INFO:root:[80] ok=False txhash_ms=2295.277 display_ms=4730.280 total_ms=7025.558 txhash=- error_type=EmulatedNetworkError net_stage=- pre_ms=0.0 post_ms=0.0
INFO:root:[81] ok=True txhash_ms=11267.842 display_ms=4696.942 total_ms=15964.784 txhash=03B7C22388 error_type=- net_stage=- pre_ms=64.117 post_ms=55.649
INFO:root:[82] ok=True txhash_ms=11171.533 display_ms=4703.992 total_ms=15875.525 txhash=9E0A3AC232 error_type=- net_stage=- pre_ms=54.156 post_ms=112.868
INFO:root:[83] ok=True txhash_ms=10927.519 display_ms=4735.416 total_ms=15662.935 txhash=72F30F8303 error_type=- net_stage=- pre_ms=51.035 post_ms=56.312
INFO:root:[84] ok=True txhash_ms=10829.426 display_ms=4723.488 total_ms=15552.913 txhash=5000510C96 error_type=- net_stage=- pre_ms=61.137 post_ms=75.892
INFO:root:[85] ok=True txhash_ms=10959.010 display_ms=4764.893 total_ms=15723.903 txhash=5F02C2D910 error_type=- net_stage=- pre_ms=97.657 post_ms=79.248
INFO:root:[86] ok=True txhash_ms=10819.108 display_ms=4743.872 total_ms=15562.979 txhash=5FA77FEC06 error_type=- net_stage=- pre_ms=70.9 post_ms=62.363
INFO:root:[87] ok=False txhash_ms=50340.642 display_ms=4684.855 total_ms=55025.497 txhash=- error_type=EmulatedTimeout net_stage=- pre_ms=0.0 post_ms=0.0
INFO:root:[88] ok=True txhash_ms=10996.748 display_ms=4694.304 total_ms=15691.053 txhash=162D5BDFD9 error_type=- net_stage=- pre_ms=81.203 post_ms=60.031
INFO:root:[89] ok=True txhash_ms=11253.127 display_ms=4698.100 total_ms=15951.227 txhash=CA28131255 error_type=- net_stage=- pre_ms=70.791 post_ms=71.99
INFO:root:[90] ok=True txhash_ms=10973.447 display_ms=4693.464 total_ms=15666.910 txhash=9EA17639BA error_type=- net_stage=- pre_ms=92.52 post_ms=34.282
INFO:root:[91] ok=True txhash_ms=11390.154 display_ms=4695.218 total_ms=16085.372 txhash=46F748BE42 error_type=- net_stage=- pre_ms=108.961 post_ms=49.097
INFO:root:[92] ok=True txhash_ms=10946.335 display_ms=4747.760 total_ms=15694.095 txhash=931C0A0F71 error_type=- net_stage=- pre_ms=23.536 post_ms=55.597
INFO:root:[93] ok=True txhash_ms=11285.890 display_ms=4691.282 total_ms=15977.172 txhash=AF14A77F96 error_type=- net_stage=- pre_ms=80.242 post_ms=112.163
INFO:root:[94] ok=True txhash_ms=11660.163 display_ms=4699.029 total_ms=16359.191 txhash=797153E5AA error_type=- net_stage=- pre_ms=77.862 post_ms=83.897
INFO:root:[95] ok=True txhash_ms=10596.518 display_ms=4762.021 total_ms=15358.539 txhash=CFC252DBE4 error_type=- net_stage=- pre_ms=65.029 post_ms=69.238
INFO:root:[96] ok=True txhash_ms=10798.176 display_ms=4694.580 total_ms=15492.756 txhash=38043EFAEB error_type=- net_stage=- pre_ms=105.443 post_ms=84.035
INFO:root:[97] ok=True txhash_ms=11300.832 display_ms=4752.869 total_ms=16053.701 txhash=65A132B9EE error_type=- net_stage=- pre_ms=27.268 post_ms=101.672
INFO:root:[98] ok=False txhash_ms=50433.443 display_ms=4736.358 total_ms=55169.801 txhash=- error_type=EmulatedTimeout net_stage=- pre_ms=0.0 post_ms=0.0
INFO:root:[99] ok=True txhash_ms=11314.735 display_ms=4693.568 total_ms=16008.304 txhash=598779768F error_type=- net_stage=- pre_ms=52.785 post_ms=114.193
INFO:root:[100] ok=True txhash_ms=11151.782 display_ms=4692.160 total_ms=15843.942 txhash=437CB4DB8E error_type=- net_stage=- pre_ms=25.343 post_ms=57.516
