INFO:root:SPEC LOOP: payload -> tx (txhash) -> display -> csv (Ctrl+C to stop)
INFO:root:GPIOZERO_PIN_FACTORY=lgpio
INFO:root:SEND_FULL_PAYLOAD=1 INCLUDE_TXHASH_IN_QR=1
INFO:root:NODE_SEND_TIMEOUT_SEC=60.0
INFO:root:NET_EMULATION=1 profile=outdoor-normal source=name:outdoor-normal rtt_ms=140.000 jitter_ms=55.000 up_kbps=256.0 down_kbps=1024.0 loss=0.0050 timeout=0.0100 outage_prob=0.0010 seed=42
INFO:root:[1] ok=True txhash_ms=10568.177 display_ms=4693.868 total_ms=15262.044 txhash=D1A1BAB398 error_type=- net_stage=- pre_ms=101.346 post_ms=76.436
INFO:root:[2] ok=True txhash_ms=10859.318 display_ms=4700.618 total_ms=15559.936 txhash=EEFC4AF41B error_type=- net_stage=- pre_ms=88.701 post_ms=65.633
INFO:root:[3] ok=True txhash_ms=11109.698 display_ms=4699.342 total_ms=15809.041 txhash=A7E22AC1EB error_type=- net_stage=- pre_ms=73.188 post_ms=72.77
INFO:root:[4] ok=False txhash_ms=59264.466 display_ms=4678.661 total_ms=63943.127 txhash=- error_type=EmulatedTimeout net_stage=post pre_ms=86.337 post_ms=109.039
INFO:root:[5] ok=True txhash_ms=10836.674 display_ms=4735.562 total_ms=15572.236 txhash=999005F70D error_type=- net_stage=- pre_ms=71.534 post_ms=49.223
INFO:root:[6] ok=True txhash_ms=10854.881 display_ms=4700.766 total_ms=15555.647 txhash=19DEB32517 error_type=- net_stage=- pre_ms=89.919 post_ms=79.81
INFO:root:[7] ok=True txhash_ms=11110.612 display_ms=4697.375 total_ms=15807.988 txhash=CB19CDDC37 error_type=- net_stage=- pre_ms=75.233 post_ms=39.162
INFO:root:[8] ok=True txhash_ms=11129.939 display_ms=4767.154 total_ms=15897.093 txhash=67929970E5 error_type=- net_stage=- pre_ms=97.83 post_ms=39.46
INFO:root:[9] ok=True txhash_ms=11443.368 display_ms=4697.350 total_ms=16140.718 txhash=E693B2DBD8 error_type=- net_stage=- pre_ms=98.527 post_ms=78.601
INFO:root:[10] ok=True txhash_ms=11097.828 display_ms=4692.725 total_ms=15790.553 txhash=08E7C9C4FF error_type=- net_stage=- pre_ms=97.436 post_ms=86.143
INFO:root:[11] ok=True txhash_ms=11445.562 display_ms=4750.520 total_ms=16196.081 txhash=8E26745E45 error_type=- net_stage=- pre_ms=85.018 post_ms=93.953
INFO:root:[12] ok=True txhash_ms=11300.827 display_ms=4736.596 total_ms=16037.423 txhash=FDF465EC39 error_type=- net_stage=- pre_ms=100.696 post_ms=112.085
INFO:root:[13] ok=True txhash_ms=10719.881 display_ms=4736.876 total_ms=15456.756 txhash=0709472A85 error_type=- net_stage=- pre_ms=57.195 post_ms=45.94
INFO:root:[14] ok=True txhash_ms=11032.621 display_ms=4694.182 total_ms=15726.803 txhash=A5DA481882 error_type=- net_stage=- pre_ms=80.485 post_ms=79.948
INFO:root:[15] ok=True txhash_ms=10870.402 display_ms=4689.336 total_ms=15559.737 txhash=6B680E6555 error_type=- net_stage=- pre_ms=132.213 post_ms=53.236
INFO:root:[16] ok=True txhash_ms=10853.528 display_ms=4690.749 total_ms=15544.277 txhash=244A39590C error_type=- net_stage=- pre_ms=105.75 post_ms=57.396
INFO:root:[17] ok=True txhash_ms=11077.090 display_ms=4743.561 total_ms=15820.651 txhash=74FE4ECBC4 error_type=- net_stage=- pre_ms=76.647 post_ms=109.319
INFO:root:[18] ok=True txhash_ms=10973.965 display_ms=4698.978 total_ms=15672.943 txhash=17126F4BFE error_type=- net_stage=- pre_ms=112.384 post_ms=72.477
INFO:root:[19] ok=True txhash_ms=10799.228 display_ms=4724.952 total_ms=15524.180 txhash=D7EA9B0A70 error_type=- net_stage=- pre_ms=45.632 post_ms=37.995
INFO:root:[20] ok=True txhash_ms=11202.974 display_ms=4688.938 total_ms=15891.912 txhash=2F6BA36871 error_type=- net_stage=- pre_ms=113.303 post_ms=72.162
INFO:root:[21] ok=True txhash_ms=11393.466 display_ms=4744.917 total_ms=16138.383 txhash=38180DD56F error_type=- net_stage=- pre_ms=71.951 post_ms=32.075
INFO:root:[22] ok=True txhash_ms=11192.331 display_ms=4688.966 total_ms=15881.298 txhash=37FC24598B error_type=- net_stage=- pre_ms=102.013 post_ms=91.929
INFO:root:[23] ok=True txhash_ms=10677.076 display_ms=4694.738 total_ms=15371.814 txhash=0D097EDE6C error_type=- net_stage=- pre_ms=76.84 post_ms=105.276
INFO:root:[24] ok=True txhash_ms=10989.614 display_ms=4755.491 total_ms=15745.105 txhash=3DA69C9257 error_type=- net_stage=- pre_ms=67.798 post_ms=110.433
INFO:root:[25] ok=False txhash_ms=11488.944 display_ms=4683.182 total_ms=16172.126 txhash=- error_type=EmulatedNetworkError net_stage=post pre_ms=33.26 post_ms=61.273
INFO:root:[26] ok=True txhash_ms=11267.312 display_ms=4745.511 total_ms=16012.824 txhash=44E3C1A1C9 error_type=- net_stage=- pre_ms=142.357 post_ms=80.707
INFO:root:[27] ok=True txhash_ms=11565.860 display_ms=4690.728 total_ms=16256.587 txhash=4A68E09646 error_type=- net_stage=- pre_ms=132.277 post_ms=93.065
INFO:root:[28] ok=True txhash_ms=11517.500 display_ms=4724.846 total_ms=16242.346 txhash=70AAC19825 error_type=- net_stage=- pre_ms=121.735 post_ms=92.575
INFO:root:[29] ok=True txhash_ms=11351.438 display_ms=4693.533 total_ms=16044.971 txhash=A1B39CB422 error_type=- net_stage=- pre_ms=59.028 post_ms=66.325
INFO:root:[30] ok=True txhash_ms=10954.545 display_ms=4691.212 total_ms=15645.757 txhash=004924CA6F error_type=- net_stage=- pre_ms=36.415 post_ms=62.109
INFO:root:[31] ok=True txhash_ms=11103.815 display_ms=4726.883 total_ms=15830.698 txhash=7D20E4D2DC error_type=- net_stage=- pre_ms=62.189 post_ms=49.11
INFO:root:[32] ok=True txhash_ms=11059.119 display_ms=4692.167 total_ms=15751.286 txhash=84371F339D error_type=- net_stage=- pre_ms=60.305 post_ms=104.152
INFO:root:[33] ok=True txhash_ms=12901.778 display_ms=4745.851 total_ms=17647.629 txhash=20A9D138D6 error_type=- net_stage=- pre_ms=66.088 post_ms=58.435
INFO:root:[34] ok=True txhash_ms=11447.308 display_ms=4688.027 total_ms=16135.334 txhash=591B4FB90B error_type=- net_stage=- pre_ms=82.642 post_ms=113.761
INFO:root:[35] ok=True txhash_ms=11215.227 display_ms=4743.940 total_ms=15959.167 txhash=8AB23F1602 error_type=- net_stage=- pre_ms=51.5 post_ms=59.538
INFO:root:[36] ok=True txhash_ms=10794.667 display_ms=4692.746 total_ms=15487.414 txhash=F3EABF35D2 error_type=- net_stage=- pre_ms=103.517 post_ms=89.692
INFO:root:[37] ok=True txhash_ms=11136.715 display_ms=4730.930 total_ms=15867.645 txhash=6A07305E00 error_type=- net_stage=- pre_ms=42.891 post_ms=2.977
INFO:root:[38] ok=True txhash_ms=10813.346 display_ms=4691.165 total_ms=15504.511 txhash=1CD90B485B error_type=- net_stage=- pre_ms=92.985 post_ms=57.102
INFO:root:[39] ok=True txhash_ms=11130.644 display_ms=4722.825 total_ms=15853.468 txhash=47F807B755 error_type=- net_stage=- pre_ms=75.843 post_ms=93.5
INFO:root:[40] ok=True txhash_ms=11604.720 display_ms=4687.941 total_ms=16292.661 txhash=60C657DCA6 error_type=- net_stage=- pre_ms=71.141 post_ms=70.229
INFO:root:[41] ok=True txhash_ms=11218.350 display_ms=4693.356 total_ms=15911.706 txhash=4F24FD2B7F error_type=- net_stage=- pre_ms=127.388 post_ms=49.131
INFO:root:[42] ok=True txhash_ms=11029.446 display_ms=4693.879 total_ms=15723.325 txhash=C7D2485EA8 error_type=- net_stage=- pre_ms=71.792 post_ms=78.553
INFO:root:[43] ok=True txhash_ms=11206.476 display_ms=4688.732 total_ms=15895.207 txhash=F3E0BA989C error_type=- net_stage=- pre_ms=85.999 post_ms=43.376
INFO:root:[44] ok=True txhash_ms=10928.520 display_ms=4689.069 total_ms=15617.589 txhash=DB97FB09E5 error_type=- net_stage=- pre_ms=38.442 post_ms=57.955
INFO:root:[45] ok=True txhash_ms=11173.877 display_ms=4690.936 total_ms=15864.813 txhash=BFBD2B4025 error_type=- net_stage=- pre_ms=49.353 post_ms=56.579
INFO:root:[46] ok=True txhash_ms=11083.757 display_ms=4690.772 total_ms=15774.529 txhash=4E0ED9B90A error_type=- net_stage=- pre_ms=25.747 post_ms=72.02
INFO:root:[47] ok=True txhash_ms=10876.177 display_ms=4691.948 total_ms=15568.125 txhash=7D4029B8B5 error_type=- net_stage=- pre_ms=94.071 post_ms=106.995
INFO:root:[48] ok=True txhash_ms=10868.917 display_ms=4689.234 total_ms=15558.151 txhash=38883E4027 error_type=- net_stage=- pre_ms=95.518 post_ms=59.834
INFO:root:[49] ok=True txhash_ms=10710.672 display_ms=4691.265 total_ms=15401.936 txhash=FF63AF08EA error_type=- net_stage=- pre_ms=50.629 post_ms=56.198
INFO:root:[50] ok=True txhash_ms=11414.669 display_ms=4702.350 total_ms=16117.020 txhash=A8D4527FFD error_type=- net_stage=- pre_ms=81.523 post_ms=100.52
INFO:root:[51] ok=True txhash_ms=10899.974 display_ms=4689.491 total_ms=15589.466 txhash=6411A872A8 error_type=- net_stage=- pre_ms=79.688 post_ms=62.312
INFO:root:[52] ok=True txhash_ms=11016.370 display_ms=4690.960 total_ms=15707.330 txhash=EC738A6EDF error_type=- net_stage=- pre_ms=96.622 post_ms=81.443
INFO:root:[53] ok=True txhash_ms=10878.565 display_ms=4749.557 total_ms=15628.122 txhash=391D8495F9 error_type=- net_stage=- pre_ms=98.734 post_ms=54.815
INFO:root:[54] ok=False txhash_ms=59446.695 display_ms=4700.878 total_ms=64147.573 txhash=- error_type=EmulatedTimeout net_stage=post pre_ms=17.535 post_ms=20.551
INFO:root:[55] ok=True txhash_ms=10942.997 display_ms=4706.869 total_ms=15649.866 txhash=AAEA1B8FF9 error_type=- net_stage=- pre_ms=67.173 post_ms=111.628
INFO:root:[56] ok=True txhash_ms=11268.397 display_ms=4695.543 total_ms=15963.940 txhash=BA005C67C4 error_type=- net_stage=- pre_ms=106.87 post_ms=94.731
INFO:root:[57] ok=True txhash_ms=11147.932 display_ms=4696.010 total_ms=15843.942 txhash=416296FFB2 error_type=- net_stage=- pre_ms=90.774 post_ms=110.341
INFO:root:[58] ok=True txhash_ms=10923.293 display_ms=4735.782 total_ms=15659.075 txhash=9F04FE2F5B error_type=- net_stage=- pre_ms=86.434 post_ms=63.022
INFO:root:[59] ok=True txhash_ms=11679.098 display_ms=4690.588 total_ms=16369.686 txhash=C347C16166 error_type=- net_stage=- pre_ms=84.743 post_ms=34.173
INFO:root:[60] ok=True txhash_ms=10772.031 display_ms=4748.992 total_ms=15521.023 txhash=28D2A21362 error_type=- net_stage=- pre_ms=76.118 post_ms=74.667
INFO:root:[61] ok=True txhash_ms=10802.555 display_ms=4732.517 total_ms=15535.073 txhash=E196A152FA error_type=- net_stage=- pre_ms=29.52 post_ms=58.244
INFO:root:[62] ok=True txhash_ms=11040.230 display_ms=4748.214 total_ms=15788.444 txhash=EC7427009B error_type=- net_stage=- pre_ms=58.486 post_ms=127.96
INFO:root:[63] ok=True txhash_ms=10713.856 display_ms=4693.328 total_ms=15407.184 txhash=5171747B1C error_type=- net_stage=- pre_ms=84.735 post_ms=93.169
INFO:root:[64] ok=True txhash_ms=10965.686 display_ms=4688.922 total_ms=15654.608 txhash=143298131D error_type=- net_stage=- pre_ms=47.709 post_ms=94.232
INFO:root:[65] ok=True txhash_ms=10854.486 display_ms=4692.433 total_ms=15546.918 txhash=6C019E7D49 error_type=- net_stage=- pre_ms=129.183 post_ms=65.51
INFO:root:[66] ok=True txhash_ms=10821.041 display_ms=4695.163 total_ms=15516.204 txhash=B6A6C5AE38 error_type=- net_stage=- pre_ms=48.18 post_ms=128.257
INFO:root:[67] ok=True txhash_ms=11475.595 display_ms=4689.665 total_ms=16165.261 txhash=7DBC367F9D error_type=- net_stage=- pre_ms=74.462 post_ms=121.098
INFO:root:[68] ok=True txhash_ms=11079.626 display_ms=4752.718 total_ms=15832.344 txhash=900F6A4622 error_type=- net_stage=- pre_ms=88.291 post_ms=122.875
INFO:root:[69] ok=True txhash_ms=10992.532 display_ms=4693.000 total_ms=15685.532 txhash=A8BC0A890A error_type=- net_stage=- pre_ms=80.407 post_ms=78.943
INFO:root:[70] ok=True txhash_ms=11104.332 display_ms=4747.184 total_ms=15851.516 txhash=694CE85BF9 error_type=- net_stage=- pre_ms=101.332 post_ms=68.389
INFO:root:[71] ok=True txhash_ms=11209.366 display_ms=4697.534 total_ms=15906.901 txhash=E85D674842 error_type=- net_stage=- pre_ms=16.154 post_ms=58.302
INFO:root:[72] ok=True txhash_ms=11083.581 display_ms=4691.894 total_ms=15775.475 txhash=67B217B587 error_type=- net_stage=- pre_ms=100.568 post_ms=67.946
INFO:root:[73] ok=True txhash_ms=11182.237 display_ms=4733.670 total_ms=15915.906 txhash=651633B537 error_type=- net_stage=- pre_ms=64.939 post_ms=107.563
INFO:root:[74] ok=False txhash_ms=2366.461 display_ms=4734.051 total_ms=7100.513 txhash=- error_type=EmulatedNetworkError net_stage=- pre_ms=0.0 post_ms=0.0
INFO:root:[75] ok=True txhash_ms=11039.705 display_ms=4720.589 total_ms=15760.294 txhash=6869E671C7 error_type=- net_stage=- pre_ms=122.74 post_ms=64.336
INFO:root:[76] ok=True txhash_ms=10986.760 display_ms=4737.373 total_ms=15724.133 txhash=FA67B33F84 error_type=- net_stage=- pre_ms=35.131 post_ms=60.35
INFO:root:[77] ok=True txhash_ms=11386.558 display_ms=4692.542 total_ms=16079.100 txhash=E9DE1EF798 error_type=- net_stage=- pre_ms=58.431 post_ms=65.628
INFO:root:[78] ok=True txhash_ms=10842.198 display_ms=4746.851 total_ms=15589.049 txhash=E506043F8B error_type=- net_stage=- pre_ms=102.047 post_ms=92.993
INFO:root:[79] ok=True txhash_ms=11510.154 display_ms=4757.319 total_ms=16267.473 txhash=23F93A6840 error_type=- net_stage=- pre_ms=100.163 post_ms=55.579
INFO:root:[80] ok=False txhash_ms=2348.982 display_ms=4674.638 total_ms=7023.620 txhash=- error_type=EmulatedNetworkError net_stage=- pre_ms=0.0 post_ms=0.0
INFO:root:[81] ok=True txhash_ms=11456.341 display_ms=4691.240 total_ms=16147.581 txhash=D9221FBE1D error_type=- net_stage=- pre_ms=64.117 post_ms=55.649
INFO:root:[82] ok=True txhash_ms=10928.315 display_ms=4698.285 total_ms=15626.600 txhash=6194137173 error_type=- net_stage=- pre_ms=54.156 post_ms=112.86
INFO:root:[83] ok=True txhash_ms=11136.783 display_ms=4734.816 total_ms=15871.599 txhash=9F368DCFF0 error_type=- net_stage=- pre_ms=51.035 post_ms=56.312
INFO:root:[84] ok=True txhash_ms=11118.296 display_ms=4721.355 total_ms=15839.651 txhash=0CE9F275D3 error_type=- net_stage=- pre_ms=61.137 post_ms=75.892
INFO:root:[85] ok=True txhash_ms=11212.192 display_ms=4687.029 total_ms=15899.221 txhash=14C675523B error_type=- net_stage=- pre_ms=97.657 post_ms=79.256
INFO:root:[86] ok=True txhash_ms=11484.293 display_ms=4729.993 total_ms=16214.286 txhash=62CF18AF5B error_type=- net_stage=- pre_ms=70.9 post_ms=62.363
INFO:root:[87] ok=False txhash_ms=50387.255 display_ms=4710.887 total_ms=55098.141 txhash=- error_type=EmulatedTimeout net_stage=- pre_ms=0.0 post_ms=0.0
INFO:root:[88] ok=True txhash_ms=11341.119 display_ms=4691.913 total_ms=16033.032 txhash=3CCADB6523 error_type=- net_stage=- pre_ms=81.203 post_ms=60.031
INFO:root:[89] ok=True txhash_ms=10978.441 display_ms=4735.231 total_ms=15713.672 txhash=AA59143393 error_type=- net_stage=- pre_ms=70.791 post_ms=71.99
INFO:root:[90] ok=True txhash_ms=10958.343 display_ms=4734.553 total_ms=15692.896 txhash=5095F3F707 error_type=- net_stage=- pre_ms=92.52 post_ms=34.282
INFO:root:[91] ok=True txhash_ms=11124.193 display_ms=4689.622 total_ms=15813.815 txhash=6A2AD5A322 error_type=- net_stage=- pre_ms=108.961 post_ms=49.104
INFO:root:[92] ok=True txhash_ms=11083.532 display_ms=4695.175 total_ms=15778.707 txhash=75F077FC4B error_type=- net_stage=- pre_ms=23.536 post_ms=55.605
INFO:root:[93] ok=True txhash_ms=11437.395 display_ms=4693.501 total_ms=16130.896 txhash=A26E1AF91F error_type=- net_stage=- pre_ms=80.242 post_ms=112.163
INFO:root:[94] ok=True txhash_ms=10876.619 display_ms=4747.707 total_ms=15624.327 txhash=C7AD0A467A error_type=- net_stage=- pre_ms=77.862 post_ms=83.89
INFO:root:[95] ok=True txhash_ms=11070.242 display_ms=4692.098 total_ms=15762.340 txhash=BA04DAF4CD error_type=- net_stage=- pre_ms=65.029 post_ms=69.23
INFO:root:[96] ok=True txhash_ms=11123.442 display_ms=4690.791 total_ms=15814.233 txhash=A0A5A5D15C error_type=- net_stage=- pre_ms=105.443 post_ms=84.035
INFO:root:[97] ok=True txhash_ms=10917.586 display_ms=4691.822 total_ms=15609.408 txhash=2D554D0B9E error_type=- net_stage=- pre_ms=27.268 post_ms=101.672
INFO:root:[98] ok=False txhash_ms=50372.471 display_ms=4735.103 total_ms=55107.574 txhash=- error_type=EmulatedTimeout net_stage=- pre_ms=0.0 post_ms=0.0
INFO:root:[99] ok=True txhash_ms=11045.434 display_ms=4704.977 total_ms=15750.411 txhash=92859994C5 error_type=- net_stage=- pre_ms=52.785 post_ms=114.201
INFO:root:[100] ok=True txhash_ms=11592.319 display_ms=4694.833 total_ms=16287.152 txhash=82024C8936 error_type=- net_stage=- pre_ms=25.343 post_ms=57.516
