INFO:root:SPEC LOOP: payload -> tx (txhash) -> display -> csv (Ctrl+C to stop)
INFO:root:GPIOZERO_PIN_FACTORY=lgpio
INFO:root:SEND_FULL_PAYLOAD=1 INCLUDE_TXHASH_IN_QR=1
INFO:root:NODE_SEND_TIMEOUT_SEC=60.0
INFO:root:NET_EMULATION=1 profile=outdoor-normal source=name:outdoor-normal rtt_ms=140.000 jitter_ms=55.000 up_kbps=256.0 down_kbps=1024.0 loss=0.0050 timeout=0.0100 outage_prob=0.0010 seed=42
INFO:root:[1] ok=True txhash_ms=11275.009 display_ms=4693.961 total_ms=15968.970 txhash=955BB92435 error_type=- net_stage=- pre_ms=101.346 post_ms=76.436
INFO:root:[2] ok=True txhash_ms=11151.270 display_ms=4762.346 total_ms=15913.616 txhash=F32ABE99B4 error_type=- net_stage=- pre_ms=88.701 post_ms=65.633
INFO:root:[3] ok=True txhash_ms=10853.983 display_ms=4694.789 total_ms=15548.772 txhash=6C074E0943 error_type=- net_stage=- pre_ms=73.188 post_ms=72.77
INFO:root:[4] ok=False txhash_ms=58978.709 display_ms=4680.867 total_ms=63659.577 txhash=- error_type=EmulatedTimeout net_stage=post pre_ms=86.337 post_ms=109.039
INFO:root:[5] ok=True txhash_ms=10865.477 display_ms=4705.370 total_ms=15570.847 txhash=393DD3E2ED error_type=- net_stage=- pre_ms=71.534 post_ms=49.208
INFO:root:[6] ok=True txhash_ms=12328.834 display_ms=4694.217 total_ms=17023.051 txhash=745DFB5D80 error_type=- net_stage=- pre_ms=89.919 post_ms=79.81
INFO:root:[7] ok=True txhash_ms=10934.833 display_ms=4754.952 total_ms=15689.785 txhash=5C5A25C83D error_type=- net_stage=- pre_ms=75.233 post_ms=39.17
INFO:root:[8] ok=True txhash_ms=11576.432 display_ms=4705.777 total_ms=16282.208 txhash=6CCCE58EBE error_type=- net_stage=- pre_ms=97.83 post_ms=39.46
INFO:root:[9] ok=True txhash_ms=11133.269 display_ms=4737.615 total_ms=15870.884 txhash=A5BA16C53A error_type=- net_stage=- pre_ms=98.527 post_ms=78.593
INFO:root:[10] ok=True txhash_ms=10977.375 display_ms=4695.490 total_ms=15672.865 txhash=388CD98E68 error_type=- net_stage=- pre_ms=97.436 post_ms=86.143
INFO:root:[11] ok=True txhash_ms=10985.600 display_ms=4695.778 total_ms=15681.377 txhash=8141D7D38E error_type=- net_stage=- pre_ms=85.018 post_ms=93.96
INFO:root:[12] ok=True txhash_ms=11104.697 display_ms=4702.187 total_ms=15806.884 txhash=B64BFB7C1F error_type=- net_stage=- pre_ms=100.696 post_ms=112.085
INFO:root:[13] ok=True txhash_ms=10998.178 display_ms=4755.718 total_ms=15753.896 txhash=01EB5111F9 error_type=- net_stage=- pre_ms=57.195 post_ms=45.947
INFO:root:[14] ok=True txhash_ms=11067.359 display_ms=4698.055 total_ms=15765.414 txhash=CA76CAE4AD error_type=- net_stage=- pre_ms=80.485 post_ms=79.948
INFO:root:[15] ok=True txhash_ms=11064.919 display_ms=4697.371 total_ms=15762.290 txhash=4697EFD607 error_type=- net_stage=- pre_ms=132.213 post_ms=53.244
INFO:root:[16] ok=True txhash_ms=11296.763 display_ms=4693.790 total_ms=15990.553 txhash=64F8B0F1C0 error_type=- net_stage=- pre_ms=105.75 post_ms=57.396
INFO:root:[17] ok=True txhash_ms=11153.891 display_ms=4695.132 total_ms=15849.022 txhash=7115B68889 error_type=- net_stage=- pre_ms=76.647 post_ms=109.319
INFO:root:[18] ok=True txhash_ms=11071.868 display_ms=4694.470 total_ms=15766.337 txhash=8827C36814 error_type=- net_stage=- pre_ms=112.384 post_ms=72.477
INFO:root:[19] ok=True txhash_ms=10984.862 display_ms=4704.134 total_ms=15688.995 txhash=8CF8691702 error_type=- net_stage=- pre_ms=45.632 post_ms=37.987
INFO:root:[20] ok=True txhash_ms=10679.122 display_ms=4693.221 total_ms=15372.343 txhash=965442B204 error_type=- net_stage=- pre_ms=113.303 post_ms=72.162
INFO:root:[21] ok=True txhash_ms=11255.555 display_ms=4694.298 total_ms=15949.853 txhash=86C6C75450 error_type=- net_stage=- pre_ms=71.951 post_ms=32.075
INFO:root:[22] ok=True txhash_ms=10932.194 display_ms=4692.812 total_ms=15625.006 txhash=58B9142D3E error_type=- net_stage=- pre_ms=102.013 post_ms=91.929
INFO:root:[23] ok=True txhash_ms=10372.529 display_ms=4750.025 total_ms=15122.554 txhash=30B45F541F error_type=- net_stage=- pre_ms=76.84 post_ms=105.276
INFO:root:[24] ok=True txhash_ms=10595.930 display_ms=4706.439 total_ms=15302.369 txhash=36D45DD867 error_type=- net_stage=- pre_ms=67.798 post_ms=110.433
INFO:root:[25] ok=False txhash_ms=10845.942 display_ms=4711.496 total_ms=15557.438 txhash=- error_type=EmulatedNetworkError net_stage=post pre_ms=33.26 post_ms=61.288
INFO:root:[26] ok=True txhash_ms=10981.376 display_ms=4692.432 total_ms=15673.808 txhash=2779A855BA error_type=- net_stage=- pre_ms=142.357 post_ms=80.707
INFO:root:[27] ok=True txhash_ms=10700.342 display_ms=4732.552 total_ms=15432.894 txhash=736BF38B95 error_type=- net_stage=- pre_ms=132.277 post_ms=93.065
INFO:root:[28] ok=True txhash_ms=11215.599 display_ms=4700.419 total_ms=15916.019 txhash=98550FD981 error_type=- net_stage=- pre_ms=121.735 post_ms=92.575
INFO:root:[29] ok=True txhash_ms=10850.918 display_ms=4735.663 total_ms=15586.580 txhash=BF09B430AC error_type=- net_stage=- pre_ms=59.028 post_ms=66.333
INFO:root:[30] ok=True txhash_ms=11297.050 display_ms=4693.495 total_ms=15990.545 txhash=08189CD2E5 error_type=- net_stage=- pre_ms=36.415 post_ms=62.109
INFO:root:[31] ok=True txhash_ms=10872.669 display_ms=4751.127 total_ms=15623.795 txhash=74F7025756 error_type=- net_stage=- pre_ms=62.189 post_ms=49.11
INFO:root:[32] ok=True txhash_ms=11271.892 display_ms=4724.494 total_ms=15996.386 txhash=131C6D1350 error_type=- net_stage=- pre_ms=60.305 post_ms=104.152
INFO:root:[33] ok=True txhash_ms=11188.742 display_ms=4711.165 total_ms=15899.907 txhash=ACA7E3C4B9 error_type=- net_stage=- pre_ms=66.088 post_ms=58.435
INFO:root:[34] ok=True txhash_ms=11316.360 display_ms=4696.817 total_ms=16013.178 txhash=87F8DDE932 error_type=- net_stage=- pre_ms=82.642 post_ms=113.761
INFO:root:[35] ok=True txhash_ms=10845.900 display_ms=4752.154 total_ms=15598.054 txhash=A8C882892B error_type=- net_stage=- pre_ms=51.5 post_ms=59.554
INFO:root:[36] ok=True txhash_ms=11502.301 display_ms=4702.683 total_ms=16204.984 txhash=3A8745F153 error_type=- net_stage=- pre_ms=103.517 post_ms=89.692
INFO:root:[37] ok=True txhash_ms=11003.129 display_ms=4745.380 total_ms=15748.510 txhash=A1E45F4417 error_type=- net_stage=- pre_ms=42.891 post_ms=2.984
INFO:root:[38] ok=True txhash_ms=11277.147 display_ms=4702.250 total_ms=15979.397 txhash=CD6B6096FF error_type=- net_stage=- pre_ms=92.985 post_ms=57.102
INFO:root:[39] ok=True txhash_ms=10984.552 display_ms=4705.254 total_ms=15689.806 txhash=92DD333338 error_type=- net_stage=- pre_ms=75.843 post_ms=93.5
INFO:root:[40] ok=True txhash_ms=11701.908 display_ms=4743.622 total_ms=16445.530 txhash=2ACCF941BB error_type=- net_stage=- pre_ms=71.141 post_ms=70.229
INFO:root:[41] ok=True txhash_ms=11497.490 display_ms=4700.400 total_ms=16197.890 txhash=C5D4834FD2 error_type=- net_stage=- pre_ms=127.388 post_ms=49.131
INFO:root:[42] ok=True txhash_ms=11582.849 display_ms=4697.990 total_ms=16280.839 txhash=1094AF9D5D error_type=- net_stage=- pre_ms=71.792 post_ms=78.553
INFO:root:[43] ok=True txhash_ms=10946.384 display_ms=4698.227 total_ms=15644.611 txhash=A03E4F3621 error_type=- net_stage=- pre_ms=85.999 post_ms=43.376
INFO:root:[44] ok=True txhash_ms=11017.473 display_ms=4754.819 total_ms=15772.291 txhash=BD454A9FF2 error_type=- net_stage=- pre_ms=38.442 post_ms=57.955
INFO:root:[45] ok=True txhash_ms=10715.254 display_ms=4729.053 total_ms=15444.307 txhash=EECE2D4E85 error_type=- net_stage=- pre_ms=49.353 post_ms=56.579
INFO:root:[46] ok=True txhash_ms=11037.123 display_ms=4753.740 total_ms=15790.863 txhash=91228EEC29 error_type=- net_stage=- pre_ms=25.747 post_ms=72.02
INFO:root:[47] ok=True txhash_ms=11471.818 display_ms=4695.600 total_ms=16167.418 txhash=4D6460EBD5 error_type=- net_stage=- pre_ms=94.071 post_ms=106.995
INFO:root:[48] ok=True txhash_ms=11047.781 display_ms=4702.873 total_ms=15750.655 txhash=CD3DCC681D error_type=- net_stage=- pre_ms=95.518 post_ms=59.834
INFO:root:[49] ok=True txhash_ms=10878.615 display_ms=4698.797 total_ms=15577.412 txhash=153FAE40AF error_type=- net_stage=- pre_ms=50.629 post_ms=56.198
INFO:root:[50] ok=True txhash_ms=11609.703 display_ms=4694.405 total_ms=16304.108 txhash=1268615283 error_type=- net_stage=- pre_ms=81.523 post_ms=100.52
INFO:root:[51] ok=True txhash_ms=11144.687 display_ms=4693.804 total_ms=15838.491 txhash=7E2C28F1AE error_type=- net_stage=- pre_ms=79.688 post_ms=62.312
INFO:root:[52] ok=True txhash_ms=11052.638 display_ms=4693.093 total_ms=15745.731 txhash=8EF41AF09F error_type=- net_stage=- pre_ms=96.622 post_ms=81.443
INFO:root:[53] ok=True txhash_ms=10967.919 display_ms=4694.870 total_ms=15662.789 txhash=771A72DD4D error_type=- net_stage=- pre_ms=98.734 post_ms=54.815
INFO:root:[54] ok=False txhash_ms=59482.813 display_ms=4677.511 total_ms=64160.324 txhash=- error_type=EmulatedTimeout net_stage=post pre_ms=17.535 post_ms=20.559
INFO:root:[55] ok=True txhash_ms=10957.831 display_ms=4732.942 total_ms=15690.773 txhash=9BFFF892FC error_type=- net_stage=- pre_ms=67.173 post_ms=111.628
INFO:root:[56] ok=True txhash_ms=11185.216 display_ms=4701.083 total_ms=15886.299 txhash=9919F3AED1 error_type=- net_stage=- pre_ms=106.87 post_ms=94.731
INFO:root:[57] ok=True txhash_ms=11467.414 display_ms=4695.301 total_ms=16162.715 txhash=AF694FBA7E error_type=- net_stage=- pre_ms=90.774 post_ms=110.341
INFO:root:[58] ok=True txhash_ms=11090.687 display_ms=4695.042 total_ms=15785.729 txhash=5BC55B5EE9 error_type=- net_stage=- pre_ms=86.434 post_ms=63.022
INFO:root:[59] ok=True txhash_ms=11153.444 display_ms=4699.689 total_ms=15853.133 txhash=6AD391075E error_type=- net_stage=- pre_ms=84.743 post_ms=34.173
INFO:root:[60] ok=True txhash_ms=11474.545 display_ms=4754.428 total_ms=16228.974 txhash=B41B87D51D error_type=- net_stage=- pre_ms=76.118 post_ms=74.659
INFO:root:[61] ok=True txhash_ms=10934.449 display_ms=4727.379 total_ms=15661.828 txhash=FE6DD59848 error_type=- net_stage=- pre_ms=29.52 post_ms=58.244
INFO:root:[62] ok=True txhash_ms=11105.433 display_ms=4730.249 total_ms=15835.681 txhash=141A872060 error_type=- net_stage=- pre_ms=58.486 post_ms=127.967
INFO:root:[63] ok=True txhash_ms=11610.123 display_ms=4754.585 total_ms=16364.708 txhash=9DDD625F6B error_type=- net_stage=- pre_ms=84.735 post_ms=93.169
INFO:root:[64] ok=True txhash_ms=10618.864 display_ms=4749.020 total_ms=15367.884 txhash=DB96E5D9CD error_type=- net_stage=- pre_ms=47.709 post_ms=94.232
INFO:root:[65] ok=True txhash_ms=11236.717 display_ms=4738.758 total_ms=15975.475 txhash=8E788C650D error_type=- net_stage=- pre_ms=129.183 post_ms=65.51
INFO:root:[66] ok=True txhash_ms=10832.765 display_ms=4738.848 total_ms=15571.613 txhash=35E319BD88 error_type=- net_stage=- pre_ms=48.18 post_ms=128.257
INFO:root:[67] ok=True txhash_ms=10947.092 display_ms=4702.558 total_ms=15649.650 txhash=A1F86C0856 error_type=- net_stage=- pre_ms=74.462 post_ms=121.106
INFO:root:[68] ok=True txhash_ms=11086.690 display_ms=4697.153 total_ms=15783.843 txhash=AE801C2842 error_type=- net_stage=- pre_ms=88.291 post_ms=122.875
INFO:root:[69] ok=True txhash_ms=10881.061 display_ms=4757.146 total_ms=15638.207 txhash=AC51AF873D error_type=- net_stage=- pre_ms=80.407 post_ms=78.943
INFO:root:[70] ok=True txhash_ms=11010.016 display_ms=4692.154 total_ms=15702.170 txhash=BD11A04BCB error_type=- net_stage=- pre_ms=101.332 post_ms=68.389
INFO:root:[71] ok=True txhash_ms=10725.745 display_ms=4723.276 total_ms=15449.022 txhash=BD25A0A511 error_type=- net_stage=- pre_ms=16.154 post_ms=58.302
INFO:root:[72] ok=True txhash_ms=11580.301 display_ms=4694.443 total_ms=16274.744 txhash=B7E4799883 error_type=- net_stage=- pre_ms=100.568 post_ms=67.946
INFO:root:[73] ok=True txhash_ms=11132.367 display_ms=4699.072 total_ms=15831.439 txhash=5878E631BF error_type=- net_stage=- pre_ms=64.939 post_ms=107.563
INFO:root:[74] ok=False txhash_ms=2369.162 display_ms=4681.594 total_ms=7050.756 txhash=- error_type=EmulatedNetworkError net_stage=- pre_ms=0.0 post_ms=0.0
INFO:root:[75] ok=True txhash_ms=11557.304 display_ms=4752.209 total_ms=16309.513 txhash=2F039C9BE3 error_type=- net_stage=- pre_ms=122.74 post_ms=64.344
INFO:root:[76] ok=True txhash_ms=11415.188 display_ms=4695.492 total_ms=16110.680 txhash=6146E3F151 error_type=- net_stage=- pre_ms=35.131 post_ms=60.35
INFO:root:[77] ok=True txhash_ms=10954.011 display_ms=4724.726 total_ms=15678.737 txhash=E6E5C5ABC2 error_type=- net_stage=- pre_ms=58.431 post_ms=65.628
INFO:root:[78] ok=True txhash_ms=11653.050 display_ms=4703.440 total_ms=16356.490 txhash=9AFC279ADD error_type=- net_stage=- pre_ms=102.047 post_ms=93.001
INFO:root:[79] ok=True txhash_ms=10943.783 display_ms=4759.191 total_ms=15702.975 txhash=62D6725B22 error_type=- net_stage=- pre_ms=100.163 post_ms=55.579
INFO:root:[80] ok=False txhash_ms=2345.064 display_ms=4679.231 total_ms=7024.295 txhash=- error_type=EmulatedNetworkError net_stage=- pre_ms=0.0 post_ms=0.0
INFO:root:[81] ok=True txhash_ms=11117.456 display_ms=4696.142 total_ms=15813.597 txhash=76A21840CD error_type=- net_stage=- pre_ms=64.117 post_ms=55.649
INFO:root:[82] ok=True txhash_ms=11087.699 display_ms=4696.594 total_ms=15784.293 txhash=34F55D36CA error_type=- net_stage=- pre_ms=54.156 post_ms=112.868
INFO:root:[83] ok=True txhash_ms=11119.807 display_ms=4696.919 total_ms=15816.726 txhash=59143BED5E error_type=- net_stage=- pre_ms=51.035 post_ms=56.312
INFO:root:[84] ok=True txhash_ms=11381.762 display_ms=4741.759 total_ms=16123.521 txhash=0BE991C62F error_type=- net_stage=- pre_ms=61.137 post_ms=75.892
INFO:root:[85] ok=True txhash_ms=11166.887 display_ms=4757.869 total_ms=15924.757 txhash=7466530544 error_type=- net_stage=- pre_ms=97.657 post_ms=79.256
INFO:root:[86] ok=True txhash_ms=10709.404 display_ms=4694.356 total_ms=15403.760 txhash=8A8E4BFCA0 error_type=- net_stage=- pre_ms=70.9 post_ms=62.363
INFO:root:[87] ok=False txhash_ms=50341.428 display_ms=4683.982 total_ms=55025.410 txhash=- error_type=EmulatedTimeout net_stage=- pre_ms=0.0 post_ms=0.0
INFO:root:[88] ok=True txhash_ms=11328.026 display_ms=4693.101 total_ms=16021.127 txhash=AB9AD31632 error_type=- net_stage=- pre_ms=81.203 post_ms=60.024
INFO:root:[89] ok=True txhash_ms=10925.963 display_ms=4699.938 total_ms=15625.901 txhash=5A07403FCB error_type=- net_stage=- pre_ms=70.791 post_ms=71.99
INFO:root:[90] ok=True txhash_ms=10817.580 display_ms=4752.967 total_ms=15570.548 txhash=93C8C6386A error_type=- net_stage=- pre_ms=92.52 post_ms=34.282
INFO:root:[91] ok=True txhash_ms=11599.327 display_ms=4703.604 total_ms=16302.931 txhash=D599EDBAA3 error_type=- net_stage=- pre_ms=108.961 post_ms=49.104
INFO:root:[92] ok=True txhash_ms=10849.589 display_ms=4737.100 total_ms=15586.689 txhash=23D579910B error_type=- net_stage=- pre_ms=23.536 post_ms=55.605
INFO:root:[93] ok=True txhash_ms=11644.133 display_ms=4700.663 total_ms=16344.797 txhash=9CE2006D8F error_type=- net_stage=- pre_ms=80.242 post_ms=112.163
INFO:root:[94] ok=True txhash_ms=10775.067 display_ms=4696.730 total_ms=15471.796 txhash=9CFBC9D90E error_type=- net_stage=- pre_ms=77.862 post_ms=83.897
INFO:root:[95] ok=True txhash_ms=11407.430 display_ms=4696.771 total_ms=16104.201 txhash=B9211C52D0 error_type=- net_stage=- pre_ms=65.029 post_ms=69.238
INFO:root:[96] ok=True txhash_ms=11082.572 display_ms=4747.607 total_ms=15830.179 txhash=4EF226F391 error_type=- net_stage=- pre_ms=105.443 post_ms=84.035
INFO:root:[97] ok=True txhash_ms=11150.625 display_ms=4695.192 total_ms=15845.817 txhash=3BCEBE7D18 error_type=- net_stage=- pre_ms=27.268 post_ms=101.664
INFO:root:[98] ok=False txhash_ms=50373.037 display_ms=4696.161 total_ms=55069.198 txhash=- error_type=EmulatedTimeout net_stage=- pre_ms=0.0 post_ms=0.0
INFO:root:[99] ok=True txhash_ms=11062.360 display_ms=4755.089 total_ms=15817.449 txhash=2B763908B5 error_type=- net_stage=- pre_ms=52.785 post_ms=114.201
INFO:root:[100] ok=True txhash_ms=10837.690 display_ms=4751.271 total_ms=15588.962 txhash=20EF96CC0E error_type=- net_stage=- pre_ms=25.343 post_ms=57.516
