INFO:root:SPEC LOOP: payload -> tx (txhash) -> display -> csv (Ctrl+C to stop)
INFO:root:GPIOZERO_PIN_FACTORY=lgpio
INFO:root:SEND_FULL_PAYLOAD=1 INCLUDE_TXHASH_IN_QR=1
INFO:root:NODE_SEND_TIMEOUT_SEC=60.0
INFO:root:NET_EMULATION=1 profile=outdoor-outage-heavy source=name:outdoor-outage-heavy rtt_ms=140.000 jitter_ms=55.000 up_kbps=256.0 down_kbps=1024.0 loss=0.0100 timeout=0.0200 outage_prob=0.0100 seed=42
INFO:root:[1] ok=True txhash_ms=11314.552 display_ms=4748.173 total_ms=16062.725 txhash=D0660C5AB2 error_type=- net_stage=- pre_ms=101.346 post_ms=76.428
INFO:root:[2] ok=False txhash_ms=59374.071 display_ms=4675.327 total_ms=64049.398 txhash=- error_type=EmulatedTimeout net_stage=post pre_ms=88.701 post_ms=65.625
INFO:root:[3] ok=True txhash_ms=10759.508 display_ms=4689.211 total_ms=15448.719 txhash=6C09024AD6 error_type=- net_stage=- pre_ms=73.188 post_ms=72.77
INFO:root:[4] ok=False txhash_ms=10901.577 display_ms=4731.475 total_ms=15633.052 txhash=- error_type=EmulatedNetworkError net_stage=post pre_ms=86.337 post_ms=109.039
INFO:root:[5] ok=True txhash_ms=11223.107 display_ms=4687.221 total_ms=15910.329 txhash=4588BE0ED0 error_type=- net_stage=- pre_ms=71.534 post_ms=49.216
INFO:root:[6] ok=True txhash_ms=10585.715 display_ms=4686.039 total_ms=15271.754 txhash=14A3B9C4C7 error_type=- net_stage=- pre_ms=89.919 post_ms=79.81
INFO:root:[7] ok=True txhash_ms=11329.070 display_ms=4688.340 total_ms=16017.409 txhash=AF69AFAECF error_type=- net_stage=- pre_ms=75.233 post_ms=39.17
INFO:root:[8] ok=True txhash_ms=11353.538 display_ms=4726.343 total_ms=16079.881 txhash=C00581B9C0 error_type=- net_stage=- pre_ms=97.83 post_ms=39.46
INFO:root:[9] ok=True txhash_ms=10779.634 display_ms=4702.184 total_ms=15481.818 txhash=6C44BA149A error_type=- net_stage=- pre_ms=98.527 post_ms=78.601
INFO:root:[10] ok=True txhash_ms=10941.231 display_ms=4739.483 total_ms=15680.713 txhash=9591007B06 error_type=- net_stage=- pre_ms=97.436 post_ms=86.143
INFO:root:[11] ok=True txhash_ms=11040.220 display_ms=4695.593 total_ms=15735.812 txhash=7AEA3B9F9F error_type=- net_stage=- pre_ms=85.018 post_ms=93.96
INFO:root:[12] ok=True txhash_ms=10927.584 display_ms=4754.407 total_ms=15681.990 txhash=AE74C70238 error_type=- net_stage=- pre_ms=100.696 post_ms=112.085
INFO:root:[13] ok=True txhash_ms=10834.389 display_ms=4692.284 total_ms=15526.673 txhash=3F9B4FAC15 error_type=- net_stage=- pre_ms=57.195 post_ms=45.947
INFO:root:[14] ok=True txhash_ms=11235.507 display_ms=4692.522 total_ms=15928.029 txhash=DB4490F3E8 error_type=- net_stage=- pre_ms=80.485 post_ms=79.948
INFO:root:[15] ok=True txhash_ms=11775.375 display_ms=4698.279 total_ms=16473.654 txhash=E1DAA1E50A error_type=- net_stage=- pre_ms=132.213 post_ms=53.244
INFO:root:[16] ok=True txhash_ms=11264.761 display_ms=4689.149 total_ms=15953.910 txhash=6AC5E3D67F error_type=- net_stage=- pre_ms=105.75 post_ms=57.396
INFO:root:[17] ok=True txhash_ms=10945.806 display_ms=4749.819 total_ms=15695.625 txhash=4C0EC2F1DA error_type=- net_stage=- pre_ms=76.647 post_ms=109.311
INFO:root:[18] ok=True txhash_ms=10937.959 display_ms=4753.034 total_ms=15690.993 txhash=5DFD8ADF60 error_type=- net_stage=- pre_ms=112.384 post_ms=72.477
INFO:root:[19] ok=True txhash_ms=10801.876 display_ms=4687.533 total_ms=15489.409 txhash=7FA52C7FB2 error_type=- net_stage=- pre_ms=45.632 post_ms=37.995
INFO:root:[20] ok=True txhash_ms=11331.820 display_ms=4685.155 total_ms=16016.975 txhash=AE8680318D error_type=- net_stage=- pre_ms=113.303 post_ms=72.162
INFO:root:[21] ok=True txhash_ms=10821.915 display_ms=4721.123 total_ms=15543.038 txhash=8CAF0CD48D error_type=- net_stage=- pre_ms=71.951 post_ms=32.075
INFO:root:[22] ok=True txhash_ms=10971.176 display_ms=4688.264 total_ms=15659.440 txhash=04FBD20B8D error_type=- net_stage=- pre_ms=102.013 post_ms=91.929
INFO:root:[23] ok=True txhash_ms=11049.488 display_ms=4763.943 total_ms=15813.431 txhash=09FAAF36FA error_type=- net_stage=- pre_ms=76.84 post_ms=105.276
INFO:root:[24] ok=True txhash_ms=11047.011 display_ms=4715.246 total_ms=15762.257 txhash=6145494807 error_type=- net_stage=- pre_ms=67.798 post_ms=110.433
INFO:root:[25] ok=False txhash_ms=10939.382 display_ms=4722.026 total_ms=15661.408 txhash=- error_type=EmulatedNetworkError net_stage=post pre_ms=33.26 post_ms=61.288
INFO:root:[26] ok=True txhash_ms=11134.688 display_ms=4743.409 total_ms=15878.098 txhash=48F455965E error_type=- net_stage=- pre_ms=142.357 post_ms=80.707
INFO:root:[27] ok=True txhash_ms=11087.515 display_ms=4709.565 total_ms=15797.080 txhash=ED8467414C error_type=- net_stage=- pre_ms=132.277 post_ms=93.065
INFO:root:[28] ok=True txhash_ms=11123.278 display_ms=4741.182 total_ms=15864.459 txhash=B3CB2B6564 error_type=- net_stage=- pre_ms=121.735 post_ms=92.575
INFO:root:[29] ok=True txhash_ms=10607.747 display_ms=4726.842 total_ms=15334.589 txhash=F3B652021E error_type=- net_stage=- pre_ms=59.028 post_ms=66.34
INFO:root:[30] ok=True txhash_ms=10767.110 display_ms=4728.892 total_ms=15496.002 txhash=B71E61459E error_type=- net_stage=- pre_ms=36.415 post_ms=62.109
INFO:root:[31] ok=True txhash_ms=11347.841 display_ms=4692.138 total_ms=16039.979 txhash=8BC9DE2FDD error_type=- net_stage=- pre_ms=62.189 post_ms=49.11
INFO:root:[32] ok=True txhash_ms=10911.450 display_ms=4743.793 total_ms=15655.243 txhash=3C6AAB41F2 error_type=- net_stage=- pre_ms=60.305 post_ms=104.152
INFO:root:[33] ok=True txhash_ms=10990.537 display_ms=4764.326 total_ms=15754.863 txhash=43D38BFCAA error_type=- net_stage=- pre_ms=66.088 post_ms=58.427
INFO:root:[34] ok=True txhash_ms=11529.554 display_ms=4691.567 total_ms=16221.121 txhash=334139836E error_type=- net_stage=- pre_ms=82.642 post_ms=113.753
INFO:root:[35] ok=True txhash_ms=10691.646 display_ms=4694.310 total_ms=15385.956 txhash=52D527D0B8 error_type=- net_stage=- pre_ms=51.5 post_ms=59.554
INFO:root:[36] ok=True txhash_ms=11090.240 display_ms=4690.961 total_ms=15781.200 txhash=FDF3A23D42 error_type=- net_stage=- pre_ms=103.517 post_ms=89.685
INFO:root:[37] ok=True txhash_ms=11021.506 display_ms=4695.776 total_ms=15717.282 txhash=3352581F7A error_type=- net_stage=- pre_ms=42.891 post_ms=2.984
INFO:root:[38] ok=True txhash_ms=11009.025 display_ms=4690.404 total_ms=15699.429 txhash=A1B5A2E821 error_type=- net_stage=- pre_ms=92.985 post_ms=57.102
INFO:root:[39] ok=True txhash_ms=11709.551 display_ms=4714.528 total_ms=16424.079 txhash=78F4FA7EB6 error_type=- net_stage=- pre_ms=75.843 post_ms=93.5
INFO:root:[40] ok=True txhash_ms=10831.803 display_ms=4688.234 total_ms=15520.038 txhash=10BF28F894 error_type=- net_stage=- pre_ms=71.141 post_ms=70.229
INFO:root:[41] ok=True txhash_ms=11235.396 display_ms=4693.365 total_ms=15928.760 txhash=7C665A4DE8 error_type=- net_stage=- pre_ms=127.388 post_ms=49.131
INFO:root:[42] ok=True txhash_ms=10888.616 display_ms=4697.950 total_ms=15586.566 txhash=8787B8D01F error_type=- net_stage=- pre_ms=71.792 post_ms=78.553
INFO:root:[43] ok=True txhash_ms=10824.207 display_ms=4746.904 total_ms=15571.111 txhash=533A7CBB36 error_type=- net_stage=- pre_ms=85.999 post_ms=43.376
INFO:root:[44] ok=True txhash_ms=11257.831 display_ms=4750.538 total_ms=16008.369 txhash=74732C41AB error_type=- net_stage=- pre_ms=38.442 post_ms=57.955
INFO:root:[45] ok=True txhash_ms=11000.336 display_ms=4723.514 total_ms=15723.851 txhash=AC5956CF82 error_type=- net_stage=- pre_ms=49.353 post_ms=56.579
INFO:root:[46] ok=True txhash_ms=10868.144 display_ms=4690.065 total_ms=15558.210 txhash=BA3C6A59EA error_type=- net_stage=- pre_ms=25.747 post_ms=72.02
INFO:root:[47] ok=True txhash_ms=10977.464 display_ms=4691.820 total_ms=15669.284 txhash=FC3CE8965F error_type=- net_stage=- pre_ms=94.071 post_ms=106.995
INFO:root:[48] ok=True txhash_ms=10955.809 display_ms=4734.424 total_ms=15690.233 txhash=C06B49CD01 error_type=- net_stage=- pre_ms=95.518 post_ms=59.834
INFO:root:[49] ok=True txhash_ms=10915.990 display_ms=4691.803 total_ms=15607.793 txhash=727E163823 error_type=- net_stage=- pre_ms=50.629 post_ms=56.198
INFO:root:[50] ok=True txhash_ms=11010.764 display_ms=4735.248 total_ms=15746.012 txhash=29DE88CD5A error_type=- net_stage=- pre_ms=81.523 post_ms=100.52
INFO:root:[51] ok=True txhash_ms=11067.508 display_ms=4693.053 total_ms=15760.561 txhash=D144B03075 error_type=- net_stage=- pre_ms=79.688 post_ms=62.312
INFO:root:[52] ok=True txhash_ms=11256.963 display_ms=4719.000 total_ms=15975.963 txhash=A79FF25976 error_type=- net_stage=- pre_ms=96.622 post_ms=81.443
INFO:root:[53] ok=True txhash_ms=10898.730 display_ms=4749.775 total_ms=15648.505 txhash=B9655E53DC error_type=- net_stage=- pre_ms=98.734 post_ms=54.815
INFO:root:[54] ok=False txhash_ms=11140.611 display_ms=4675.043 total_ms=15815.653 txhash=- error_type=EmulatedNetworkError net_stage=post pre_ms=17.535 post_ms=20.559
INFO:root:[55] ok=True txhash_ms=10965.841 display_ms=4746.343 total_ms=15712.185 txhash=F190723EFB error_type=- net_stage=- pre_ms=67.173 post_ms=111.628
INFO:root:[56] ok=True txhash_ms=11242.028 display_ms=4690.951 total_ms=15932.979 txhash=BA38EF2ADF error_type=- net_stage=- pre_ms=106.87 post_ms=94.731
INFO:root:[57] ok=True txhash_ms=11185.275 display_ms=4722.605 total_ms=15907.879 txhash=ED5D36F13A error_type=- net_stage=- pre_ms=90.774 post_ms=110.341
INFO:root:[58] ok=True txhash_ms=10836.042 display_ms=4726.771 total_ms=15562.813 txhash=EA403C3AE2 error_type=- net_stage=- pre_ms=86.434 post_ms=63.022
INFO:root:[59] ok=False txhash_ms=2293.340 display_ms=4671.042 total_ms=6964.382 txhash=- error_type=EmulatedNetworkError net_stage=- pre_ms=0.0 post_ms=0.0
INFO:root:[60] ok=True txhash_ms=11509.735 display_ms=4732.321 total_ms=16242.056 txhash=17A3468661 error_type=- net_stage=- pre_ms=76.169 post_ms=118.074
INFO:root:[61] ok=False txhash_ms=2335.560 display_ms=4682.019 total_ms=7017.579 txhash=- error_type=EmulatedNetworkError net_stage=- pre_ms=0.0 post_ms=0.0
INFO:root:[62] ok=True txhash_ms=11284.057 display_ms=4720.340 total_ms=16004.397 txhash=0A2333B85C error_type=- net_stage=- pre_ms=107.998 post_ms=53.378
INFO:root:[63] ok=True txhash_ms=11499.013 display_ms=4742.700 total_ms=16241.712 txhash=2384AD5054 error_type=- net_stage=- pre_ms=95.999 post_ms=89.934
INFO:root:[64] ok=True txhash_ms=11427.533 display_ms=4692.946 total_ms=16120.479 txhash=BFA1325273 error_type=- net_stage=- pre_ms=94.766 post_ms=61.781
INFO:root:[65] ok=True txhash_ms=11197.348 display_ms=4743.994 total_ms=15941.342 txhash=3C3218B132 error_type=- net_stage=- pre_ms=100.528 post_ms=54.297
INFO:root:[66] ok=True txhash_ms=11139.372 display_ms=4695.040 total_ms=15834.412 txhash=C6880D0D06 error_type=- net_stage=- pre_ms=129.15 post_ms=16.457
INFO:root:[67] ok=True txhash_ms=11144.327 display_ms=4743.066 total_ms=15887.393 txhash=763C724A67 error_type=- net_stage=- pre_ms=77.479 post_ms=48.361
INFO:root:[68] ok=True txhash_ms=11292.636 display_ms=4693.141 total_ms=15985.776 txhash=09645EF5D8 error_type=- net_stage=- pre_ms=87.633 post_ms=52.878
INFO:root:[69] ok=True txhash_ms=11266.513 display_ms=4757.091 total_ms=16023.604 txhash=203FFBC344 error_type=- net_stage=- pre_ms=91.863 post_ms=57.845
INFO:root:[70] ok=False txhash_ms=50429.089 display_ms=4692.097 total_ms=55121.186 txhash=- error_type=EmulatedTimeout net_stage=- pre_ms=0.0 post_ms=0.0
INFO:root:[71] ok=True txhash_ms=11105.546 display_ms=4698.566 total_ms=15804.112 txhash=63B140F282 error_type=- net_stage=- pre_ms=60.596 post_ms=120.244
INFO:root:[72] ok=True txhash_ms=10898.996 display_ms=4695.212 total_ms=15594.207 txhash=B93573C23C error_type=- net_stage=- pre_ms=25.516 post_ms=106.835
INFO:root:[73] ok=True txhash_ms=11063.204 display_ms=4687.001 total_ms=15750.205 txhash=429DEDD8E4 error_type=- net_stage=- pre_ms=75.534 post_ms=103.566
INFO:root:[74] ok=True txhash_ms=11023.205 display_ms=4728.446 total_ms=15751.650 txhash=6CCB54C2F7 error_type=- net_stage=- pre_ms=143.063 post_ms=69.778
INFO:root:[75] ok=True txhash_ms=10636.339 display_ms=4687.872 total_ms=15324.211 txhash=3C7C467C13 error_type=- net_stage=- pre_ms=55.919 post_ms=54.292
INFO:root:[76] ok=False txhash_ms=2288.201 display_ms=4737.765 total_ms=7025.967 txhash=- error_type=EmulatedNetworkError net_stage=- pre_ms=0.0 post_ms=0.0
INFO:root:[77] ok=True txhash_ms=10961.164 display_ms=4744.374 total_ms=15705.537 txhash=49B5D0FCF1 error_type=- net_stage=- pre_ms=69.802 post_ms=70.912
INFO:root:[78] ok=True txhash_ms=11120.338 display_ms=4688.836 total_ms=15809.174 txhash=804D052DAD error_type=- net_stage=- pre_ms=38.63 post_ms=61.458
INFO:root:[79] ok=True txhash_ms=10896.354 display_ms=4723.590 total_ms=15619.945 txhash=FED1A6CE8B error_type=- net_stage=- pre_ms=100.467 post_ms=62.722
INFO:root:[80] ok=True txhash_ms=11121.807 display_ms=4690.637 total_ms=15812.444 txhash=871D86F2E7 error_type=- net_stage=- pre_ms=105.807 post_ms=15.671
INFO:root:[81] ok=False txhash_ms=11719.481 display_ms=4712.578 total_ms=16432.059 txhash=- error_type=EmulatedNetworkError net_stage=post pre_ms=110.862 post_ms=62.08
INFO:root:[82] ok=True txhash_ms=10652.163 display_ms=4692.817 total_ms=15344.980 txhash=F166F9C988 error_type=- net_stage=- pre_ms=112.455 post_ms=37.839
INFO:root:[83] ok=True txhash_ms=10843.075 display_ms=4735.748 total_ms=15578.823 txhash=EA6CFB9C5F error_type=- net_stage=- pre_ms=60.246 post_ms=14.656
INFO:root:[84] ok=True txhash_ms=10820.124 display_ms=4686.757 total_ms=15506.881 txhash=C16CC677DF error_type=- net_stage=- pre_ms=89.483 post_ms=34.233
INFO:root:[85] ok=True txhash_ms=10641.421 display_ms=4763.750 total_ms=15405.172 txhash=7976A7BCDA error_type=- net_stage=- pre_ms=75.788 post_ms=63.837
INFO:root:[86] ok=True txhash_ms=10824.436 display_ms=4686.139 total_ms=15510.575 txhash=0EF372221A error_type=- net_stage=- pre_ms=62.209 post_ms=20.094
INFO:root:[87] ok=True txhash_ms=10831.637 display_ms=4720.284 total_ms=15551.921 txhash=D10A6F771C error_type=- net_stage=- pre_ms=87.893 post_ms=87.508
INFO:root:[88] ok=True txhash_ms=11157.786 display_ms=4689.009 total_ms=15846.794 txhash=C6E11B0F74 error_type=- net_stage=- pre_ms=119.46 post_ms=118.811
INFO:root:[89] ok=True txhash_ms=11154.979 display_ms=4748.125 total_ms=15903.104 txhash=97A1F4FECF error_type=- net_stage=- pre_ms=81.16 post_ms=104.072
INFO:root:[90] ok=True txhash_ms=10998.037 display_ms=4692.154 total_ms=15690.191 txhash=CC2B17C724 error_type=- net_stage=- pre_ms=141.426 post_ms=90.575
INFO:root:[91] ok=True txhash_ms=11502.778 display_ms=4734.038 total_ms=16236.816 txhash=8BBBCE05BF error_type=- net_stage=- pre_ms=54.811 post_ms=17.411
INFO:root:[92] ok=True txhash_ms=11179.324 display_ms=4686.799 total_ms=15866.123 txhash=9AC70C0A90 error_type=- net_stage=- pre_ms=41.564 post_ms=21.189
INFO:root:[93] ok=True txhash_ms=11063.370 display_ms=4748.222 total_ms=15811.592 txhash=0752D6DF48 error_type=- net_stage=- pre_ms=78.007 post_ms=51.952
INFO:root:[94] ok=True txhash_ms=10887.541 display_ms=4748.543 total_ms=15636.084 txhash=1DA3E3241F error_type=- net_stage=- pre_ms=82.938 post_ms=34.722
INFO:root:[95] ok=True txhash_ms=10923.443 display_ms=4740.626 total_ms=15664.069 txhash=73475D9384 error_type=- net_stage=- pre_ms=74.411 post_ms=69.701
INFO:root:[96] ok=True txhash_ms=10695.287 display_ms=4749.607 total_ms=15444.894 txhash=F4145E4721 error_type=- net_stage=- pre_ms=103.477 post_ms=58.133
INFO:root:[97] ok=True txhash_ms=11235.108 display_ms=4692.232 total_ms=15927.339 txhash=DAA9EAF6F5 error_type=- net_stage=- pre_ms=39.15 post_ms=56.824
INFO:root:[98] ok=True txhash_ms=10866.973 display_ms=4693.740 total_ms=15560.713 txhash=83FB89D929 error_type=- net_stage=- pre_ms=89.014 post_ms=54.789
INFO:root:[99] ok=False txhash_ms=2327.317 display_ms=4717.013 total_ms=7044.330 txhash=- error_type=EmulatedNetworkError net_stage=- pre_ms=0.0 post_ms=0.0
INFO:root:[100] ok=True txhash_ms=11353.141 display_ms=4685.398 total_ms=16038.539 txhash=2CF3414A86 error_type=- net_stage=- pre_ms=80.739 post_ms=19.103
