INFO:root:SPEC LOOP: payload -> tx (txhash) -> display -> csv (Ctrl+C to stop)
INFO:root:GPIOZERO_PIN_FACTORY=lgpio
INFO:root:SEND_FULL_PAYLOAD=1 INCLUDE_TXHASH_IN_QR=1
INFO:root:NODE_SEND_TIMEOUT_SEC=60.0
INFO:root:NET_EMULATION=1 profile=outdoor-outage-heavy source=name:outdoor-outage-heavy rtt_ms=140.000 jitter_ms=55.000 up_kbps=256.0 down_kbps=1024.0 loss=0.0100 timeout=0.0200 outage_prob=0.0100 seed=42
INFO:root:[1] ok=True txhash_ms=11176.506 display_ms=4750.971 total_ms=15927.477 txhash=D6C96BF687 error_type=- net_stage=- pre_ms=101.346 post_ms=76.436
INFO:root:[2] ok=False txhash_ms=59208.212 display_ms=4726.733 total_ms=63934.944 txhash=- error_type=EmulatedTimeout net_stage=post pre_ms=88.701 post_ms=65.633
INFO:root:[3] ok=True txhash_ms=10712.457 display_ms=4727.874 total_ms=15440.331 txhash=45468F0BD4 error_type=- net_stage=- pre_ms=73.188 post_ms=72.77
INFO:root:[4] ok=False txhash_ms=11314.703 display_ms=4683.001 total_ms=15997.704 txhash=- error_type=EmulatedNetworkError net_stage=post pre_ms=86.337 post_ms=109.031
INFO:root:[5] ok=True txhash_ms=10955.120 display_ms=4740.328 total_ms=15695.448 txhash=F965C4F005 error_type=- net_stage=- pre_ms=71.534 post_ms=49.216
INFO:root:[6] ok=True txhash_ms=10727.679 display_ms=4721.718 total_ms=15449.396 txhash=58978B38EC error_type=- net_stage=- pre_ms=89.919 post_ms=79.802
INFO:root:[7] ok=True txhash_ms=11142.642 display_ms=4688.640 total_ms=15831.282 txhash=1ABF3FAC01 error_type=- net_stage=- pre_ms=75.233 post_ms=39.17
INFO:root:[8] ok=True txhash_ms=11190.117 display_ms=4690.654 total_ms=15880.771 txhash=4625E10318 error_type=- net_stage=- pre_ms=97.83 post_ms=39.452
INFO:root:[9] ok=True txhash_ms=11245.693 display_ms=4704.277 total_ms=15949.970 txhash=4C130EE205 error_type=- net_stage=- pre_ms=98.527 post_ms=78.601
INFO:root:[10] ok=True txhash_ms=10932.079 display_ms=4729.662 total_ms=15661.741 txhash=EC7CAC590F error_type=- net_stage=- pre_ms=97.436 post_ms=86.143
INFO:root:[11] ok=True txhash_ms=10977.106 display_ms=4732.876 total_ms=15709.982 txhash=EDE061D768 error_type=- net_stage=- pre_ms=85.018 post_ms=93.96
INFO:root:[12] ok=True txhash_ms=11386.307 display_ms=4748.591 total_ms=16134.898 txhash=8A5E1998F5 error_type=- net_stage=- pre_ms=100.696 post_ms=112.085
INFO:root:[13] ok=True txhash_ms=10658.865 display_ms=4689.466 total_ms=15348.331 txhash=C999BD4000 error_type=- net_stage=- pre_ms=57.195 post_ms=45.947
INFO:root:[14] ok=True txhash_ms=10751.870 display_ms=4719.722 total_ms=15471.593 txhash=7040812BBC error_type=- net_stage=- pre_ms=80.485 post_ms=79.948
INFO:root:[15] ok=True txhash_ms=10640.491 display_ms=4690.658 total_ms=15331.150 txhash=AEFA84EC92 error_type=- net_stage=- pre_ms=132.213 post_ms=53.244
INFO:root:[16] ok=True txhash_ms=10948.796 display_ms=4742.114 total_ms=15690.911 txhash=A8AC433CCE error_type=- net_stage=- pre_ms=105.75 post_ms=57.396
INFO:root:[17] ok=True txhash_ms=11408.552 display_ms=4687.758 total_ms=16096.311 txhash=E1D71885A2 error_type=- net_stage=- pre_ms=76.647 post_ms=109.319
INFO:root:[18] ok=True txhash_ms=10970.338 display_ms=4745.912 total_ms=15716.250 txhash=AE80E2DC20 error_type=- net_stage=- pre_ms=112.384 post_ms=72.469
INFO:root:[19] ok=True txhash_ms=11207.959 display_ms=4748.494 total_ms=15956.453 txhash=4557CCEE4E error_type=- net_stage=- pre_ms=45.632 post_ms=37.995
INFO:root:[20] ok=True txhash_ms=10985.522 display_ms=4689.637 total_ms=15675.159 txhash=FC54BE2A87 error_type=- net_stage=- pre_ms=113.303 post_ms=72.162
INFO:root:[21] ok=True txhash_ms=10907.763 display_ms=4729.163 total_ms=15636.926 txhash=936378129D error_type=- net_stage=- pre_ms=71.951 post_ms=32.075
INFO:root:[22] ok=True txhash_ms=11208.364 display_ms=4690.244 total_ms=15898.608 txhash=FA832B3016 error_type=- net_stage=- pre_ms=102.013 post_ms=91.929
INFO:root:[23] ok=True txhash_ms=10972.998 display_ms=4735.918 total_ms=15708.917 txhash=DF78DAC58C error_type=- net_stage=- pre_ms=76.84 post_ms=105.276
INFO:root:[24] ok=True txhash_ms=10841.468 display_ms=4693.199 total_ms=15534.666 txhash=654F8C0322 error_type=- net_stage=- pre_ms=67.798 post_ms=110.433
INFO:root:[25] ok=False txhash_ms=11052.300 display_ms=4734.549 total_ms=15786.849 txhash=- error_type=EmulatedNetworkError net_stage=post pre_ms=33.26 post_ms=61.288
INFO:root:[26] ok=True txhash_ms=11149.686 display_ms=4728.894 total_ms=15878.580 txhash=7C04E8498F error_type=- net_stage=- pre_ms=142.357 post_ms=80.707
INFO:root:[27] ok=True txhash_ms=11190.230 display_ms=4738.597 total_ms=15928.827 txhash=C050BA698C error_type=- net_stage=- pre_ms=132.277 post_ms=93.065
INFO:root:[28] ok=True txhash_ms=11357.635 display_ms=4693.209 total_ms=16050.843 txhash=55ADBBA1D6 error_type=- net_stage=- pre_ms=121.735 post_ms=92.575
INFO:root:[29] ok=True txhash_ms=10916.768 display_ms=4691.416 total_ms=15608.184 txhash=436340DECF error_type=- net_stage=- pre_ms=59.028 post_ms=66.34
INFO:root:[30] ok=True txhash_ms=11137.022 display_ms=4690.901 total_ms=15827.923 txhash=390B1B1760 error_type=- net_stage=- pre_ms=36.415 post_ms=62.101
INFO:root:[31] ok=True txhash_ms=10910.789 display_ms=4691.824 total_ms=15602.613 txhash=1B6D572132 error_type=- net_stage=- pre_ms=62.189 post_ms=49.11
INFO:root:[32] ok=True txhash_ms=11000.648 display_ms=4720.029 total_ms=15720.677 txhash=39FF43BBC6 error_type=- net_stage=- pre_ms=60.305 post_ms=104.152
INFO:root:[33] ok=True txhash_ms=11222.089 display_ms=4689.603 total_ms=15911.693 txhash=DA69625A26 error_type=- net_stage=- pre_ms=66.088 post_ms=58.435
INFO:root:[34] ok=True txhash_ms=10750.768 display_ms=4692.331 total_ms=15443.099 txhash=851C1070A3 error_type=- net_stage=- pre_ms=82.642 post_ms=113.761
INFO:root:[35] ok=True txhash_ms=11344.469 display_ms=4690.794 total_ms=16035.263 txhash=3E1816764B error_type=- net_stage=- pre_ms=51.5 post_ms=59.554
INFO:root:[36] ok=True txhash_ms=11126.782 display_ms=4732.554 total_ms=15859.336 txhash=EBD67D87D0 error_type=- net_stage=- pre_ms=103.517 post_ms=89.692
INFO:root:[37] ok=True txhash_ms=10957.667 display_ms=4759.948 total_ms=15717.615 txhash=F1D3CE74F6 error_type=- net_stage=- pre_ms=42.891 post_ms=2.984
INFO:root:[38] ok=True txhash_ms=11519.917 display_ms=4689.644 total_ms=16209.561 txhash=AE67746FB6 error_type=- net_stage=- pre_ms=92.985 post_ms=57.102
INFO:root:[39] ok=True txhash_ms=10872.628 display_ms=4758.575 total_ms=15631.202 txhash=8030E039E0 error_type=- net_stage=- pre_ms=75.843 post_ms=93.5
INFO:root:[40] ok=True txhash_ms=10930.661 display_ms=4691.416 total_ms=15622.077 txhash=3DE5026F3B error_type=- net_stage=- pre_ms=71.141 post_ms=70.229
INFO:root:[41] ok=True txhash_ms=10848.373 display_ms=4753.949 total_ms=15602.321 txhash=2973220706 error_type=- net_stage=- pre_ms=127.388 post_ms=49.131
INFO:root:[42] ok=True txhash_ms=10869.732 display_ms=4688.636 total_ms=15558.367 txhash=E502A37F90 error_type=- net_stage=- pre_ms=71.792 post_ms=78.553
INFO:root:[43] ok=True txhash_ms=11607.751 display_ms=4705.700 total_ms=16313.451 txhash=DC913639BD error_type=- net_stage=- pre_ms=85.999 post_ms=43.376
INFO:root:[44] ok=True txhash_ms=10910.967 display_ms=4688.893 total_ms=15599.860 txhash=62EBFF8AB2 error_type=- net_stage=- pre_ms=38.442 post_ms=57.955
INFO:root:[45] ok=True txhash_ms=10932.361 display_ms=4720.343 total_ms=15652.704 txhash=06B5FD3E4B error_type=- net_stage=- pre_ms=49.353 post_ms=56.571
INFO:root:[46] ok=True txhash_ms=10933.502 display_ms=4719.221 total_ms=15652.723 txhash=EB7392255C error_type=- net_stage=- pre_ms=25.747 post_ms=72.02
INFO:root:[47] ok=True txhash_ms=10876.656 display_ms=4690.155 total_ms=15566.811 txhash=F791D477B4 error_type=- net_stage=- pre_ms=94.071 post_ms=106.995
INFO:root:[48] ok=True txhash_ms=11080.184 display_ms=4744.029 total_ms=15824.213 txhash=9B65CE92D0 error_type=- net_stage=- pre_ms=95.518 post_ms=59.834
INFO:root:[49] ok=True txhash_ms=11234.226 display_ms=4694.018 total_ms=15928.244 txhash=F80A6315EC error_type=- net_stage=- pre_ms=50.629 post_ms=56.198
INFO:root:[50] ok=True txhash_ms=10733.964 display_ms=4743.757 total_ms=15477.721 txhash=E47C191888 error_type=- net_stage=- pre_ms=81.523 post_ms=100.512
INFO:root:[51] ok=True txhash_ms=11122.091 display_ms=4731.618 total_ms=15853.708 txhash=AF89021657 error_type=- net_stage=- pre_ms=79.688 post_ms=62.312
INFO:root:[52] ok=True txhash_ms=11054.891 display_ms=4743.298 total_ms=15798.189 txhash=D996308319 error_type=- net_stage=- pre_ms=96.622 post_ms=81.443
INFO:root:[53] ok=True txhash_ms=11366.271 display_ms=4738.952 total_ms=16105.223 txhash=3590901C19 error_type=- net_stage=- pre_ms=98.734 post_ms=54.815
INFO:root:[54] ok=False txhash_ms=11184.996 display_ms=4682.070 total_ms=15867.066 txhash=- error_type=EmulatedNetworkError net_stage=post pre_ms=17.535 post_ms=20.559
INFO:root:[55] ok=True txhash_ms=11016.635 display_ms=4759.909 total_ms=15776.544 txhash=C60F33325F error_type=- net_stage=- pre_ms=67.173 post_ms=111.628
INFO:root:[56] ok=True txhash_ms=11782.843 display_ms=4696.309 total_ms=16479.152 txhash=709FDED8C8 error_type=- net_stage=- pre_ms=106.87 post_ms=94.731
INFO:root:[57] ok=True txhash_ms=11141.694 display_ms=4692.080 total_ms=15833.774 txhash=7AD27ABE4F error_type=- net_stage=- pre_ms=90.774 post_ms=110.341
INFO:root:[58] ok=True txhash_ms=10777.698 display_ms=4689.382 total_ms=15467.080 txhash=D670C60727 error_type=- net_stage=- pre_ms=86.434 post_ms=63.006
INFO:root:[59] ok=False txhash_ms=2289.440 display_ms=4733.012 total_ms=7022.453 txhash=- error_type=EmulatedNetworkError net_stage=- pre_ms=0.0 post_ms=0.0
INFO:root:[60] ok=True txhash_ms=10973.816 display_ms=4689.408 total_ms=15663.224 txhash=D224FC0EE0 error_type=- net_stage=- pre_ms=76.169 post_ms=118.074
INFO:root:[61] ok=False txhash_ms=2288.134 display_ms=4703.945 total_ms=6992.079 txhash=- error_type=EmulatedNetworkError net_stage=- pre_ms=0.0 post_ms=0.0
INFO:root:[62] ok=True txhash_ms=11104.613 display_ms=4689.088 total_ms=15793.701 txhash=A6870BCE7F error_type=- net_stage=- pre_ms=107.998 post_ms=53.378
INFO:root:[63] ok=True txhash_ms=11275.871 display_ms=4689.871 total_ms=15965.742 txhash=95DEBE95B2 error_type=- net_stage=- pre_ms=95.999 post_ms=89.934
INFO:root:[64] ok=True txhash_ms=11115.506 display_ms=4691.585 total_ms=15807.090 txhash=1BC7898FE4 error_type=- net_stage=- pre_ms=94.766 post_ms=61.781
INFO:root:[65] ok=True txhash_ms=11487.765 display_ms=4723.163 total_ms=16210.928 txhash=0670E40881 error_type=- net_stage=- pre_ms=100.528 post_ms=54.297
INFO:root:[66] ok=True txhash_ms=10816.805 display_ms=4745.832 total_ms=15562.637 txhash=61AC3A0CC5 error_type=- net_stage=- pre_ms=129.15 post_ms=16.457
INFO:root:[67] ok=True txhash_ms=11168.561 display_ms=4759.890 total_ms=15928.451 txhash=80356E4139 error_type=- net_stage=- pre_ms=77.479 post_ms=48.361
INFO:root:[68] ok=True txhash_ms=10764.765 display_ms=4742.954 total_ms=15507.719 txhash=2156CDAD21 error_type=- net_stage=- pre_ms=87.633 post_ms=52.878
INFO:root:[69] ok=True txhash_ms=11184.226 display_ms=4688.623 total_ms=15872.848 txhash=74471575FE error_type=- net_stage=- pre_ms=91.863 post_ms=57.845
INFO:root:[70] ok=False txhash_ms=50373.653 display_ms=4731.426 total_ms=55105.079 txhash=- error_type=EmulatedTimeout net_stage=- pre_ms=0.0 post_ms=0.0
INFO:root:[71] ok=True txhash_ms=11265.110 display_ms=4731.599 total_ms=15996.709 txhash=2B43350F7E error_type=- net_stage=- pre_ms=60.596 post_ms=120.244
INFO:root:[72] ok=True txhash_ms=10633.481 display_ms=4756.670 total_ms=15390.151 txhash=C1A2F100B1 error_type=- net_stage=- pre_ms=25.516 post_ms=106.835
INFO:root:[73] ok=True txhash_ms=10825.456 display_ms=4731.541 total_ms=15556.997 txhash=020B5C96E8 error_type=- net_stage=- pre_ms=75.534 post_ms=103.566
INFO:root:[74] ok=True txhash_ms=10709.823 display_ms=4691.382 total_ms=15401.205 txhash=2287F9C3E7 error_type=- net_stage=- pre_ms=143.063 post_ms=69.77
INFO:root:[75] ok=True txhash_ms=11233.109 display_ms=4692.409 total_ms=15925.518 txhash=F85FD09885 error_type=- net_stage=- pre_ms=55.919 post_ms=54.292
INFO:root:[76] ok=False txhash_ms=2291.248 display_ms=4715.864 total_ms=7007.112 txhash=- error_type=EmulatedNetworkError net_stage=- pre_ms=0.0 post_ms=0.0
INFO:root:[77] ok=True txhash_ms=11067.011 display_ms=4756.245 total_ms=15823.256 txhash=E8913239DB error_type=- net_stage=- pre_ms=69.802 post_ms=70.912
INFO:root:[78] ok=True txhash_ms=11574.437 display_ms=4692.250 total_ms=16266.687 txhash=53570024A7 error_type=- net_stage=- pre_ms=38.63 post_ms=61.458
INFO:root:[79] ok=True txhash_ms=10901.132 display_ms=4713.588 total_ms=15614.720 txhash=E4ED3FF37A error_type=- net_stage=- pre_ms=100.467 post_ms=62.722
INFO:root:[80] ok=True txhash_ms=11211.192 display_ms=4693.342 total_ms=15904.534 txhash=369CA9D7A8 error_type=- net_stage=- pre_ms=105.807 post_ms=15.671
INFO:root:[81] ok=False txhash_ms=11153.575 display_ms=4673.458 total_ms=15827.032 txhash=- error_type=EmulatedNetworkError net_stage=post pre_ms=110.862 post_ms=62.08
INFO:root:[82] ok=True txhash_ms=10985.455 display_ms=4738.733 total_ms=15724.188 txhash=A113AD7179 error_type=- net_stage=- pre_ms=112.455 post_ms=37.839
INFO:root:[83] ok=True txhash_ms=10994.674 display_ms=4691.241 total_ms=15685.915 txhash=88BC3C3ACF error_type=- net_stage=- pre_ms=60.246 post_ms=14.656
INFO:root:[84] ok=True txhash_ms=11483.673 display_ms=4693.322 total_ms=16176.995 txhash=F6A997DDB5 error_type=- net_stage=- pre_ms=89.483 post_ms=34.233
INFO:root:[85] ok=True txhash_ms=10946.695 display_ms=4740.806 total_ms=15687.501 txhash=151354F226 error_type=- net_stage=- pre_ms=75.788 post_ms=63.837
INFO:root:[86] ok=True txhash_ms=11153.388 display_ms=4688.218 total_ms=15841.606 txhash=137F3BA0B5 error_type=- net_stage=- pre_ms=62.209 post_ms=20.094
INFO:root:[87] ok=True txhash_ms=11003.723 display_ms=4737.705 total_ms=15741.428 txhash=30E568C110 error_type=- net_stage=- pre_ms=87.893 post_ms=87.508
INFO:root:[88] ok=True txhash_ms=10804.498 display_ms=4692.055 total_ms=15496.554 txhash=95B2FD81B8 error_type=- net_stage=- pre_ms=119.46 post_ms=118.811
INFO:root:[89] ok=True txhash_ms=10882.995 display_ms=4692.810 total_ms=15575.805 txhash=4DCAEE43DA error_type=- net_stage=- pre_ms=81.16 post_ms=104.072
INFO:root:[90] ok=True txhash_ms=11161.836 display_ms=4761.315 total_ms=15923.151 txhash=CEFBFE6976 error_type=- net_stage=- pre_ms=141.426 post_ms=90.575
INFO:root:[91] ok=True txhash_ms=11057.346 display_ms=4701.199 total_ms=15758.545 txhash=7E8540DF1C error_type=- net_stage=- pre_ms=54.811 post_ms=17.411
INFO:root:[92] ok=True txhash_ms=10768.523 display_ms=4690.298 total_ms=15458.821 txhash=7F6A8A30A5 error_type=- net_stage=- pre_ms=41.564 post_ms=21.189
INFO:root:[93] ok=True txhash_ms=10845.386 display_ms=4691.045 total_ms=15536.431 txhash=7070D2647E error_type=- net_stage=- pre_ms=78.007 post_ms=51.952
INFO:root:[94] ok=True txhash_ms=10950.183 display_ms=4729.418 total_ms=15679.601 txhash=23465D3686 error_type=- net_stage=- pre_ms=82.938 post_ms=34.722
INFO:root:[95] ok=True txhash_ms=10764.098 display_ms=4686.535 total_ms=15450.633 txhash=DC032E3067 error_type=- net_stage=- pre_ms=74.411 post_ms=69.701
INFO:root:[96] ok=True txhash_ms=11427.808 display_ms=4689.352 total_ms=16117.160 txhash=D815311F16 error_type=- net_stage=- pre_ms=103.477 post_ms=58.133
INFO:root:[97] ok=True txhash_ms=10998.231 display_ms=4739.514 total_ms=15737.744 txhash=8115A7ED4A error_type=- net_stage=- pre_ms=39.15 post_ms=56.824
INFO:root:[98] ok=True txhash_ms=10880.263 display_ms=4742.246 total_ms=15622.508 txhash=0C388DB3A5 error_type=- net_stage=- pre_ms=89.014 post_ms=54.789
INFO:root:[99] ok=False txhash_ms=2320.493 display_ms=4682.602 total_ms=7003.096 txhash=- error_type=EmulatedNetworkError net_stage=- pre_ms=0.0 post_ms=0.0
INFO:root:[100] ok=True txhash_ms=10887.304 display_ms=4688.873 total_ms=15576.176 txhash=685C855427 error_type=- net_stage=- pre_ms=80.739 post_ms=19.103
