INFO:root:SPEC LOOP: payload -> tx (txhash) -> display -> csv (Ctrl+C to stop)
INFO:root:GPIOZERO_PIN_FACTORY=lgpio
INFO:root:SEND_FULL_PAYLOAD=1 INCLUDE_TXHASH_IN_QR=1
INFO:root:NODE_SEND_TIMEOUT_SEC=60.0
INFO:root:NET_EMULATION=1 profile=outdoor-outage-heavy source=name:outdoor-outage-heavy rtt_ms=140.000 jitter_ms=55.000 up_kbps=256.0 down_kbps=1024.0 loss=0.0100 timeout=0.0200 outage_prob=0.0100 seed=42
INFO:root:[1] ok=True txhash_ms=11168.178 display_ms=4695.369 total_ms=15863.547 txhash=296CDB0657 error_type=- net_stage=- pre_ms=101.346 post_ms=76.436
INFO:root:[2] ok=False txhash_ms=59599.091 display_ms=4677.500 total_ms=64276.591 txhash=- error_type=EmulatedTimeout net_stage=post pre_ms=88.701 post_ms=65.633
INFO:root:[3] ok=True txhash_ms=11123.080 display_ms=4691.098 total_ms=15814.178 txhash=7681E3088F error_type=- net_stage=- pre_ms=73.188 post_ms=72.77
INFO:root:[4] ok=False txhash_ms=10974.948 display_ms=4673.078 total_ms=15648.027 txhash=- error_type=EmulatedNetworkError net_stage=post pre_ms=86.337 post_ms=109.039
INFO:root:[5] ok=True txhash_ms=11164.147 display_ms=4691.727 total_ms=15855.873 txhash=99AA57317A error_type=- net_stage=- pre_ms=71.534 post_ms=49.216
INFO:root:[6] ok=True txhash_ms=10993.064 display_ms=4689.345 total_ms=15682.408 txhash=B7DD71CA08 error_type=- net_stage=- pre_ms=89.919 post_ms=79.81
INFO:root:[7] ok=True txhash_ms=11138.833 display_ms=4690.223 total_ms=15829.056 txhash=A4259191E7 error_type=- net_stage=- pre_ms=75.233 post_ms=39.17
INFO:root:[8] ok=True txhash_ms=11018.201 display_ms=4751.713 total_ms=15769.913 txhash=8B9056B8C9 error_type=- net_stage=- pre_ms=97.83 post_ms=39.46
INFO:root:[9] ok=True txhash_ms=10746.061 display_ms=4694.186 total_ms=15440.247 txhash=EE8D802052 error_type=- net_stage=- pre_ms=98.527 post_ms=78.601
INFO:root:[10] ok=True txhash_ms=10725.348 display_ms=4690.772 total_ms=15416.120 txhash=17778D78C9 error_type=- net_stage=- pre_ms=97.436 post_ms=86.143
INFO:root:[11] ok=True txhash_ms=11734.703 display_ms=4725.646 total_ms=16460.349 txhash=CC78D97F23 error_type=- net_stage=- pre_ms=85.018 post_ms=93.96
INFO:root:[12] ok=True txhash_ms=11013.072 display_ms=4746.768 total_ms=15759.840 txhash=46E8C52F1C error_type=- net_stage=- pre_ms=100.696 post_ms=112.085
INFO:root:[13] ok=True txhash_ms=11453.546 display_ms=4691.429 total_ms=16144.975 txhash=8D4FADE213 error_type=- net_stage=- pre_ms=57.195 post_ms=45.947
INFO:root:[14] ok=True txhash_ms=11057.914 display_ms=4702.314 total_ms=15760.227 txhash=CDF11446AB error_type=- net_stage=- pre_ms=80.485 post_ms=79.948
INFO:root:[15] ok=True txhash_ms=11328.179 display_ms=4693.027 total_ms=16021.206 txhash=2AC4D7050D error_type=- net_stage=- pre_ms=132.213 post_ms=53.244
INFO:root:[16] ok=True txhash_ms=11185.068 display_ms=4692.293 total_ms=15877.361 txhash=57E3A04BB3 error_type=- net_stage=- pre_ms=105.75 post_ms=57.396
INFO:root:[17] ok=True txhash_ms=11009.154 display_ms=4693.579 total_ms=15702.733 txhash=F0BC11B8D4 error_type=- net_stage=- pre_ms=76.647 post_ms=109.319
INFO:root:[18] ok=True txhash_ms=11305.367 display_ms=4737.407 total_ms=16042.774 txhash=EECAC71534 error_type=- net_stage=- pre_ms=112.384 post_ms=72.477
INFO:root:[19] ok=True txhash_ms=10703.687 display_ms=4691.783 total_ms=15395.470 txhash=1BDA4027D0 error_type=- net_stage=- pre_ms=45.632 post_ms=37.995
INFO:root:[20] ok=True txhash_ms=10707.589 display_ms=4697.146 total_ms=15404.735 txhash=8A2D76AF86 error_type=- net_stage=- pre_ms=113.303 post_ms=72.162
INFO:root:[21] ok=True txhash_ms=11172.323 display_ms=4689.058 total_ms=15861.381 txhash=5B2F3B9F83 error_type=- net_stage=- pre_ms=71.951 post_ms=32.075
INFO:root:[22] ok=True txhash_ms=11312.211 display_ms=4692.825 total_ms=16005.036 txhash=2F88EBAB6B error_type=- net_stage=- pre_ms=102.013 post_ms=91.929
INFO:root:[23] ok=True txhash_ms=10104.589 display_ms=4710.045 total_ms=14814.634 txhash=84977F0020 error_type=- net_stage=- pre_ms=76.84 post_ms=105.276
INFO:root:[24] ok=True txhash_ms=11100.538 display_ms=4742.648 total_ms=15843.186 txhash=C221FB25A9 error_type=- net_stage=- pre_ms=67.798 post_ms=110.433
INFO:root:[25] ok=False txhash_ms=10686.165 display_ms=4716.700 total_ms=15402.865 txhash=- error_type=EmulatedNetworkError net_stage=post pre_ms=33.26 post_ms=61.288
INFO:root:[26] ok=True txhash_ms=11417.245 display_ms=4698.016 total_ms=16115.261 txhash=6FCE77DA0B error_type=- net_stage=- pre_ms=142.357 post_ms=80.707
INFO:root:[27] ok=True txhash_ms=11315.942 display_ms=4741.592 total_ms=16057.535 txhash=07317453ED error_type=- net_stage=- pre_ms=132.277 post_ms=93.065
INFO:root:[28] ok=True txhash_ms=11060.018 display_ms=4726.209 total_ms=15786.227 txhash=892967AB23 error_type=- net_stage=- pre_ms=121.735 post_ms=92.575
INFO:root:[29] ok=True txhash_ms=11454.764 display_ms=4695.318 total_ms=16150.082 txhash=5073F00FFF error_type=- net_stage=- pre_ms=59.028 post_ms=66.34
INFO:root:[30] ok=True txhash_ms=10957.215 display_ms=4748.029 total_ms=15705.245 txhash=B983E739FB error_type=- net_stage=- pre_ms=36.415 post_ms=62.109
INFO:root:[31] ok=True txhash_ms=10729.101 display_ms=4686.211 total_ms=15415.312 txhash=6ABD5922F9 error_type=- net_stage=- pre_ms=62.189 post_ms=49.11
INFO:root:[32] ok=True txhash_ms=10847.913 display_ms=4743.353 total_ms=15591.266 txhash=F87E42F25B error_type=- net_stage=- pre_ms=60.305 post_ms=104.152
INFO:root:[33] ok=True txhash_ms=10990.306 display_ms=4743.794 total_ms=15734.100 txhash=ED024D55E4 error_type=- net_stage=- pre_ms=66.088 post_ms=58.435
INFO:root:[34] ok=True txhash_ms=10887.736 display_ms=4741.960 total_ms=15629.696 txhash=BDBC4279FA error_type=- net_stage=- pre_ms=82.642 post_ms=113.761
INFO:root:[35] ok=True txhash_ms=10995.301 display_ms=4732.638 total_ms=15727.939 txhash=5CCB1F105B error_type=- net_stage=- pre_ms=51.5 post_ms=59.554
INFO:root:[36] ok=True txhash_ms=11057.180 display_ms=4728.930 total_ms=15786.110 txhash=69CCA48E4C error_type=- net_stage=- pre_ms=103.517 post_ms=89.692
INFO:root:[37] ok=True txhash_ms=10967.368 display_ms=4747.277 total_ms=15714.645 txhash=3D40146EBD error_type=- net_stage=- pre_ms=42.891 post_ms=2.984
INFO:root:[38] ok=True txhash_ms=11033.226 display_ms=4689.547 total_ms=15722.773 txhash=22A7B0CED8 error_type=- net_stage=- pre_ms=92.985 post_ms=57.102
INFO:root:[39] ok=True txhash_ms=11116.804 display_ms=4750.960 total_ms=15867.764 txhash=7623B2308B error_type=- net_stage=- pre_ms=75.843 post_ms=93.5
INFO:root:[40] ok=True txhash_ms=11105.082 display_ms=4718.911 total_ms=15823.993 txhash=D185E818B9 error_type=- net_stage=- pre_ms=71.141 post_ms=70.229
INFO:root:[41] ok=True txhash_ms=10934.148 display_ms=4750.967 total_ms=15685.114 txhash=F2EF99110C error_type=- net_stage=- pre_ms=127.388 post_ms=49.131
INFO:root:[42] ok=True txhash_ms=11087.170 display_ms=4696.377 total_ms=15783.547 txhash=A5B0077201 error_type=- net_stage=- pre_ms=71.792 post_ms=78.537
INFO:root:[43] ok=True txhash_ms=10976.337 display_ms=4737.779 total_ms=15714.117 txhash=C05AE4C3E9 error_type=- net_stage=- pre_ms=85.999 post_ms=43.376
INFO:root:[44] ok=True txhash_ms=11241.116 display_ms=4692.731 total_ms=15933.847 txhash=042DF28A61 error_type=- net_stage=- pre_ms=38.442 post_ms=57.955
INFO:root:[45] ok=True txhash_ms=10562.534 display_ms=4754.713 total_ms=15317.247 txhash=F3DB4273E0 error_type=- net_stage=- pre_ms=49.353 post_ms=56.579
INFO:root:[46] ok=True txhash_ms=10812.280 display_ms=4691.805 total_ms=15504.084 txhash=7F8E7A7A06 error_type=- net_stage=- pre_ms=25.747 post_ms=72.02
INFO:root:[47] ok=True txhash_ms=10866.633 display_ms=4729.742 total_ms=15596.375 txhash=830FA014E8 error_type=- net_stage=- pre_ms=94.071 post_ms=106.995
INFO:root:[48] ok=True txhash_ms=11053.440 display_ms=4696.602 total_ms=15750.042 txhash=1D7B514984 error_type=- net_stage=- pre_ms=95.518 post_ms=59.834
INFO:root:[49] ok=True txhash_ms=10923.993 display_ms=4733.120 total_ms=15657.114 txhash=CB4D6153F9 error_type=- net_stage=- pre_ms=50.629 post_ms=56.198
INFO:root:[50] ok=True txhash_ms=10876.121 display_ms=4688.588 total_ms=15564.709 txhash=C00FD5001F error_type=- net_stage=- pre_ms=81.523 post_ms=100.52
INFO:root:[51] ok=True txhash_ms=11306.303 display_ms=4757.911 total_ms=16064.214 txhash=68709DE1DD error_type=- net_stage=- pre_ms=79.688 post_ms=62.312
INFO:root:[52] ok=True txhash_ms=11591.882 display_ms=4691.288 total_ms=16283.169 txhash=64298F5B26 error_type=- net_stage=- pre_ms=96.622 post_ms=81.443
INFO:root:[53] ok=True txhash_ms=11086.489 display_ms=4688.559 total_ms=15775.049 txhash=1E729BCA18 error_type=- net_stage=- pre_ms=98.734 post_ms=54.815
INFO:root:[54] ok=False txhash_ms=10444.237 display_ms=4674.205 total_ms=15118.441 txhash=- error_type=EmulatedNetworkError net_stage=post pre_ms=17.535 post_ms=20.559
INFO:root:[55] ok=True txhash_ms=11340.683 display_ms=4693.210 total_ms=16033.893 txhash=CCEF166C69 error_type=- net_stage=- pre_ms=67.173 post_ms=111.62
INFO:root:[56] ok=True txhash_ms=11128.949 display_ms=4690.808 total_ms=15819.757 txhash=EF27D1A248 error_type=- net_stage=- pre_ms=106.87 post_ms=94.731
INFO:root:[57] ok=True txhash_ms=10696.365 display_ms=4692.412 total_ms=15388.776 txhash=C83A4D6FFA error_type=- net_stage=- pre_ms=90.774 post_ms=110.341
INFO:root:[58] ok=True txhash_ms=10864.299 display_ms=4691.774 total_ms=15556.073 txhash=8319DFD7BC error_type=- net_stage=- pre_ms=86.434 post_ms=63.022
INFO:root:[59] ok=False txhash_ms=2288.566 display_ms=4738.721 total_ms=7027.287 txhash=- error_type=EmulatedNetworkError net_stage=- pre_ms=0.0 post_ms=0.0
INFO:root:[60] ok=True txhash_ms=11423.446 display_ms=4690.749 total_ms=16114.195 txhash=3EC8FE7B51 error_type=- net_stage=- pre_ms=76.169 post_ms=118.074
INFO:root:[61] ok=False txhash_ms=2296.726 display_ms=4692.860 total_ms=6989.586 txhash=- error_type=EmulatedNetworkError net_stage=- pre_ms=0.0 post_ms=0.0
INFO:root:[62] ok=True txhash_ms=10905.047 display_ms=4691.922 total_ms=15596.969 txhash=3D6D06D582 error_type=- net_stage=- pre_ms=107.998 post_ms=53.363
INFO:root:[63] ok=True txhash_ms=11081.694 display_ms=4690.617 total_ms=15772.311 txhash=A072F66F05 error_type=- net_stage=- pre_ms=95.999 post_ms=89.934
INFO:root:[64] ok=True txhash_ms=11080.526 display_ms=4690.585 total_ms=15771.111 txhash=A2425BBC96 error_type=- net_stage=- pre_ms=94.766 post_ms=61.781
INFO:root:[65] ok=True txhash_ms=10712.837 display_ms=4727.350 total_ms=15440.187 txhash=EAAA94C439 error_type=- net_stage=- pre_ms=100.528 post_ms=54.297
INFO:root:[66] ok=True txhash_ms=10836.093 display_ms=4709.940 total_ms=15546.033 txhash=8DC86B865C error_type=- net_stage=- pre_ms=129.15 post_ms=16.449
INFO:root:[67] ok=True txhash_ms=10768.178 display_ms=4700.217 total_ms=15468.395 txhash=9604B14FC3 error_type=- net_stage=- pre_ms=77.479 post_ms=48.361
INFO:root:[68] ok=True txhash_ms=11067.037 display_ms=4692.678 total_ms=15759.715 txhash=6F6C2896FD error_type=- net_stage=- pre_ms=87.633 post_ms=52.878
INFO:root:[69] ok=True txhash_ms=11211.356 display_ms=4693.643 total_ms=15904.999 txhash=7B2F316DAE error_type=- net_stage=- pre_ms=91.863 post_ms=57.845
INFO:root:[70] ok=False txhash_ms=50374.739 display_ms=4675.954 total_ms=55050.693 txhash=- error_type=EmulatedTimeout net_stage=- pre_ms=0.0 post_ms=0.0
INFO:root:[71] ok=True txhash_ms=10906.597 display_ms=4746.858 total_ms=15653.455 txhash=E30CD2042D error_type=- net_stage=- pre_ms=60.596 post_ms=120.244
INFO:root:[72] ok=True txhash_ms=10908.238 display_ms=4699.283 total_ms=15607.521 txhash=E95870F026 error_type=- net_stage=- pre_ms=25.516 post_ms=106.835
INFO:root:[73] ok=True txhash_ms=10861.287 display_ms=4721.584 total_ms=15582.871 txhash=DDF96CFD89 error_type=- net_stage=- pre_ms=75.534 post_ms=103.566
INFO:root:[74] ok=True txhash_ms=11190.060 display_ms=4701.256 total_ms=15891.317 txhash=395A57DB67 error_type=- net_stage=- pre_ms=143.063 post_ms=69.778
INFO:root:[75] ok=True txhash_ms=11179.368 display_ms=4734.152 total_ms=15913.520 txhash=212B1A356A error_type=- net_stage=- pre_ms=55.919 post_ms=54.284
INFO:root:[76] ok=False txhash_ms=2296.124 display_ms=4727.247 total_ms=7023.372 txhash=- error_type=EmulatedNetworkError net_stage=- pre_ms=0.0 post_ms=0.0
INFO:root:[77] ok=True txhash_ms=10551.998 display_ms=4690.857 total_ms=15242.854 txhash=BFAB5468B8 error_type=- net_stage=- pre_ms=69.802 post_ms=70.912
INFO:root:[78] ok=True txhash_ms=10870.691 display_ms=4727.658 total_ms=15598.349 txhash=68334685A5 error_type=- net_stage=- pre_ms=38.63 post_ms=61.458
INFO:root:[79] ok=True txhash_ms=10817.893 display_ms=4692.225 total_ms=15510.118 txhash=C527F1C32C error_type=- net_stage=- pre_ms=100.467 post_ms=62.73
INFO:root:[80] ok=True txhash_ms=11027.088 display_ms=4690.083 total_ms=15717.171 txhash=90A707A264 error_type=- net_stage=- pre_ms=105.807 post_ms=15.671
INFO:root:[81] ok=False txhash_ms=11067.813 display_ms=4711.152 total_ms=15778.964 txhash=- error_type=EmulatedNetworkError net_stage=post pre_ms=110.862 post_ms=62.08
INFO:root:[82] ok=True txhash_ms=10852.995 display_ms=4693.265 total_ms=15546.260 txhash=941711A992 error_type=- net_stage=- pre_ms=112.455 post_ms=37.839
INFO:root:[83] ok=True txhash_ms=11442.569 display_ms=4749.138 total_ms=16191.707 txhash=6C6847E4A3 error_type=- net_stage=- pre_ms=60.246 post_ms=14.656
INFO:root:[84] ok=True txhash_ms=11048.343 display_ms=4688.826 total_ms=15737.169 txhash=C6CE400B5C error_type=- net_stage=- pre_ms=89.483 post_ms=34.218
INFO:root:[85] ok=True txhash_ms=10858.504 display_ms=4689.936 total_ms=15548.440 txhash=E5C3A50993 error_type=- net_stage=- pre_ms=75.788 post_ms=63.837
INFO:root:[86] ok=True txhash_ms=10479.813 display_ms=4692.895 total_ms=15172.707 txhash=957BF53910 error_type=- net_stage=- pre_ms=62.209 post_ms=20.094
INFO:root:[87] ok=True txhash_ms=10929.182 display_ms=4750.432 total_ms=15679.614 txhash=B6A38E24F2 error_type=- net_stage=- pre_ms=87.893 post_ms=87.501
INFO:root:[88] ok=True txhash_ms=11508.735 display_ms=4742.254 total_ms=16250.989 txhash=DC1805D3F7 error_type=- net_stage=- pre_ms=119.46 post_ms=118.811
INFO:root:[89] ok=True txhash_ms=11166.813 display_ms=4744.587 total_ms=15911.399 txhash=856C599D62 error_type=- net_stage=- pre_ms=81.16 post_ms=104.072
INFO:root:[90] ok=True txhash_ms=11486.461 display_ms=4739.144 total_ms=16225.605 txhash=4DC8B84328 error_type=- net_stage=- pre_ms=141.426 post_ms=90.575
INFO:root:[91] ok=True txhash_ms=11268.294 display_ms=4749.746 total_ms=16018.040 txhash=BA9A5AC099 error_type=- net_stage=- pre_ms=54.811 post_ms=17.404
INFO:root:[92] ok=True txhash_ms=10894.979 display_ms=4695.767 total_ms=15590.746 txhash=59A036A93C error_type=- net_stage=- pre_ms=41.564 post_ms=21.189
INFO:root:[93] ok=True txhash_ms=10619.188 display_ms=4746.966 total_ms=15366.154 txhash=CD77BB62A8 error_type=- net_stage=- pre_ms=78.007 post_ms=51.944
INFO:root:[94] ok=True txhash_ms=11064.377 display_ms=4702.708 total_ms=15767.086 txhash=BD2F8CBD72 error_type=- net_stage=- pre_ms=82.938 post_ms=34.714
INFO:root:[95] ok=True txhash_ms=10858.299 display_ms=4688.882 total_ms=15547.181 txhash=976364C401 error_type=- net_stage=- pre_ms=74.411 post_ms=69.701
INFO:root:[96] ok=True txhash_ms=11026.414 display_ms=4693.720 total_ms=15720.135 txhash=83C53E6FC6 error_type=- net_stage=- pre_ms=103.477 post_ms=58.133
INFO:root:[97] ok=True txhash_ms=11019.107 display_ms=4694.291 total_ms=15713.398 txhash=3B5E683D22 error_type=- net_stage=- pre_ms=39.15 post_ms=56.824
INFO:root:[98] ok=True txhash_ms=11070.422 display_ms=4688.291 total_ms=15758.713 txhash=3AF06ECB26 error_type=- net_stage=- pre_ms=89.014 post_ms=54.789
INFO:root:[99] ok=False txhash_ms=2317.212 display_ms=4723.810 total_ms=7041.022 txhash=- error_type=EmulatedNetworkError net_stage=- pre_ms=0.0 post_ms=0.0
INFO:root:[100] ok=True txhash_ms=11317.785 display_ms=4687.041 total_ms=16004.826 txhash=E10BA9B385 error_type=- net_stage=- pre_ms=80.739 post_ms=19.103
